<?xml version="1.0" encoding="UTF-8"?>
<TestRun id="b1664fb6-cbdd-4bff-a7a7-fd7ff3cb49ae" name="Administrator@DOTNET 2019-03-26 06:21:44" runUser="DOTNET\Administrator" xmlns="http://microsoft.com/schemas/VisualStudio/TeamTest/2010">
  <TestSettings name="Local" id="7d1ee930-43af-4791-892a-ea1e2cac5109">
    <Description>These are default test settings for a local test run.</Description>
    <Deployment runDeploymentRoot="Administrator_DOTNET 2019-03-26 06_21_44">
      <DeploymentItem filename="C:\Users\Administrator\Desktop\sba-exercise\server\ProjectManagement\ProjectManagement.Tests\bin\Debug\System.Web.Http.dll" />
      <DeploymentItem filename="C:\Users\Administrator\Desktop\sba-exercise\server\ProjectManagement\ProjectManagement\bin\ProjectManagement.dll" />
      <DeploymentItem filename="C:\Users\Administrator\Desktop\sba-exercise\server\ProjectManagement\ProjectManagement.Tests\bin\Debug\EntityFramework.dll" />
    </Deployment>
    <Execution hostProcessPlatform="MSIL">
      <TestTypeSpecific />
      <AgentRule name="Execution Agents">
      </AgentRule>
    </Execution>
    <Properties>
      <Property name="TestSettingsUIType" value="UnitTest" />
    </Properties>
  </TestSettings>
  <Times creation="2019-03-26T06:21:44.5219254-07:00" queuing="2019-03-26T06:21:46.5579328-07:00" start="2019-03-26T06:21:46.7409320-07:00" finish="2019-03-26T06:28:58.7583522-07:00" />
  <ResultSummary outcome="Completed">
    <Counters total="1" executed="1" passed="0" error="0" failed="0" timeout="0" aborted="0" inconclusive="0" passedButRunAborted="0" notRunnable="0" notExecuted="0" disconnected="0" warning="0" completed="1" inProgress="0" pending="0" />
  </ResultSummary>
  <TestDefinitions>
    <UnitTest name="TestInsertUser_Success" storage="c:\users\administrator\desktop\sba-exercise\server\projectmanagement\projectmanagement.tests\bin\debug\projectmanagement.tests.dll" id="e2556136-3103-b9b3-a13f-0cc19d8d4da9">
      <TestMethod codeBase="C:/Users/Administrator/Desktop/sba-exercise/server/ProjectManagement/ProjectManagement.Tests/bin/Debug/ProjectManagement.Tests.DLL" adapterTypeName="Microsoft.VisualStudio.TestTools.TestTypes.Unit.UnitTestAdapter, Microsoft.VisualStudio.QualityTools.Tips.UnitTest.Adapter, Version=15.0.0.0, Culture=neutral, PublicKeyToken=b03f5f7f11d50a3a" className="ProjectManagement.Test.UserControllerTest, ProjectManagement.Tests, Version=1.0.0.0, Culture=neutral, PublicKeyToken=null" name="TestInsertUser_Success" />
    </UnitTest>
    <UnitTest name="TestDeleteUser_InvalidProjectIdFormat" storage="c:\users\administrator\desktop\sba-exercise\server\projectmanagement\projectmanagement.tests\bin\debug\projectmanagement.tests.dll" id="73e56084-eb36-e7ff-b1a8-e9ed3dea2cf7">
      <TestMethod codeBase="C:/Users/Administrator/Desktop/sba-exercise/server/ProjectManagement/ProjectManagement.Tests/bin/Debug/ProjectManagement.Tests.DLL" adapterTypeName="Microsoft.VisualStudio.TestTools.TestTypes.Unit.UnitTestAdapter, Microsoft.VisualStudio.QualityTools.Tips.UnitTest.Adapter, Version=15.0.0.0, Culture=neutral, PublicKeyToken=b03f5f7f11d50a3a" className="ProjectManagement.Test.UserControllerTest, ProjectManagement.Tests, Version=1.0.0.0, Culture=neutral, PublicKeyToken=null" name="TestDeleteUser_InvalidProjectIdFormat" />
    </UnitTest>
    <UnitTest name="TestRetrieveParentTasks_Success" storage="c:\users\administrator\desktop\sba-exercise\server\projectmanagement\projectmanagement.tests\bin\debug\projectmanagement.tests.dll" id="ad1d3d07-01b1-6c0e-a17e-00efe1f6b062">
      <TestMethod codeBase="C:/Users/Administrator/Desktop/sba-exercise/server/ProjectManagement/ProjectManagement.Tests/bin/Debug/ProjectManagement.Tests.DLL" adapterTypeName="Microsoft.VisualStudio.TestTools.TestTypes.Unit.UnitTestAdapter, Microsoft.VisualStudio.QualityTools.Tips.UnitTest.Adapter, Version=15.0.0.0, Culture=neutral, PublicKeyToken=b03f5f7f11d50a3a" className="ProjectManagement.Test.TaskControllerTest, ProjectManagement.Tests, Version=1.0.0.0, Culture=neutral, PublicKeyToken=null" name="TestRetrieveParentTasks_Success" />
    </UnitTest>
    <UnitTest name="TestDeleteTask_NegativeTaskId" storage="c:\users\administrator\desktop\sba-exercise\server\projectmanagement\projectmanagement.tests\bin\debug\projectmanagement.tests.dll" id="d766aaac-ac21-3eaa-8722-de72584a8803">
      <TestMethod codeBase="C:/Users/Administrator/Desktop/sba-exercise/server/ProjectManagement/ProjectManagement.Tests/bin/Debug/ProjectManagement.Tests.DLL" adapterTypeName="Microsoft.VisualStudio.TestTools.TestTypes.Unit.UnitTestAdapter, Microsoft.VisualStudio.QualityTools.Tips.UnitTest.Adapter, Version=15.0.0.0, Culture=neutral, PublicKeyToken=b03f5f7f11d50a3a" className="ProjectManagement.Test.TaskControllerTest, ProjectManagement.Tests, Version=1.0.0.0, Culture=neutral, PublicKeyToken=null" name="TestDeleteTask_NegativeTaskId" />
    </UnitTest>
    <UnitTest name="TestDeleteProjects_Success" storage="c:\users\administrator\desktop\sba-exercise\server\projectmanagement\projectmanagement.tests\bin\debug\projectmanagement.tests.dll" id="26006798-996c-ca49-394d-e15c80aaf31b">
      <TestMethod codeBase="C:/Users/Administrator/Desktop/sba-exercise/server/ProjectManagement/ProjectManagement.Tests/bin/Debug/ProjectManagement.Tests.DLL" adapterTypeName="Microsoft.VisualStudio.TestTools.TestTypes.Unit.UnitTestAdapter, Microsoft.VisualStudio.QualityTools.Tips.UnitTest.Adapter, Version=15.0.0.0, Culture=neutral, PublicKeyToken=b03f5f7f11d50a3a" className="ProjectManagement.Test.ProjectControllerTest, ProjectManagement.Tests, Version=1.0.0.0, Culture=neutral, PublicKeyToken=null" name="TestDeleteProjects_Success" />
    </UnitTest>
    <UnitTest name="TestDeleteUser_Success" storage="c:\users\administrator\desktop\sba-exercise\server\projectmanagement\projectmanagement.tests\bin\debug\projectmanagement.tests.dll" id="cc024381-7ae7-1b32-42a5-a1145246956b">
      <TestMethod codeBase="C:/Users/Administrator/Desktop/sba-exercise/server/ProjectManagement/ProjectManagement.Tests/bin/Debug/ProjectManagement.Tests.DLL" adapterTypeName="Microsoft.VisualStudio.TestTools.TestTypes.Unit.UnitTestAdapter, Microsoft.VisualStudio.QualityTools.Tips.UnitTest.Adapter, Version=15.0.0.0, Culture=neutral, PublicKeyToken=b03f5f7f11d50a3a" className="ProjectManagement.Test.UserControllerTest, ProjectManagement.Tests, Version=1.0.0.0, Culture=neutral, PublicKeyToken=null" name="TestDeleteUser_Success" />
    </UnitTest>
    <UnitTest name="TestInsertProjects_Success" storage="c:\users\administrator\desktop\sba-exercise\server\projectmanagement\projectmanagement.tests\bin\debug\projectmanagement.tests.dll" id="f6c4e983-af0b-1eaf-db16-fe2099b298e4">
      <TestMethod codeBase="C:/Users/Administrator/Desktop/sba-exercise/server/ProjectManagement/ProjectManagement.Tests/bin/Debug/ProjectManagement.Tests.DLL" adapterTypeName="Microsoft.VisualStudio.TestTools.TestTypes.Unit.UnitTestAdapter, Microsoft.VisualStudio.QualityTools.Tips.UnitTest.Adapter, Version=15.0.0.0, Culture=neutral, PublicKeyToken=b03f5f7f11d50a3a" className="ProjectManagement.Test.ProjectControllerTest, ProjectManagement.Tests, Version=1.0.0.0, Culture=neutral, PublicKeyToken=null" name="TestInsertProjects_Success" />
    </UnitTest>
    <UnitTest name="TestUpdateUser_NegativeUserIdFormat" storage="c:\users\administrator\desktop\sba-exercise\server\projectmanagement\projectmanagement.tests\bin\debug\projectmanagement.tests.dll" id="618ec8c3-89d5-6451-2056-6b774010bea8">
      <TestMethod codeBase="C:/Users/Administrator/Desktop/sba-exercise/server/ProjectManagement/ProjectManagement.Tests/bin/Debug/ProjectManagement.Tests.DLL" adapterTypeName="Microsoft.VisualStudio.TestTools.TestTypes.Unit.UnitTestAdapter, Microsoft.VisualStudio.QualityTools.Tips.UnitTest.Adapter, Version=15.0.0.0, Culture=neutral, PublicKeyToken=b03f5f7f11d50a3a" className="ProjectManagement.Test.UserControllerTest, ProjectManagement.Tests, Version=1.0.0.0, Culture=neutral, PublicKeyToken=null" name="TestUpdateUser_NegativeUserIdFormat" />
    </UnitTest>
    <UnitTest name="TestUpdateProject_UserNullInProject" storage="c:\users\administrator\desktop\sba-exercise\server\projectmanagement\projectmanagement.tests\bin\debug\projectmanagement.tests.dll" id="775b9897-286f-0527-f512-9c88dbe2d16e">
      <TestMethod codeBase="C:/Users/Administrator/Desktop/sba-exercise/server/ProjectManagement/ProjectManagement.Tests/bin/Debug/ProjectManagement.Tests.DLL" adapterTypeName="Microsoft.VisualStudio.TestTools.TestTypes.Unit.UnitTestAdapter, Microsoft.VisualStudio.QualityTools.Tips.UnitTest.Adapter, Version=15.0.0.0, Culture=neutral, PublicKeyToken=b03f5f7f11d50a3a" className="ProjectManagement.Test.ProjectControllerTest, ProjectManagement.Tests, Version=1.0.0.0, Culture=neutral, PublicKeyToken=null" name="TestUpdateProject_UserNullInProject" />
    </UnitTest>
    <UnitTest name="TestDeleteProject_CompletedTasksGreater" storage="c:\users\administrator\desktop\sba-exercise\server\projectmanagement\projectmanagement.tests\bin\debug\projectmanagement.tests.dll" id="d333cd29-cef7-da96-5b7c-b9bf1840ed57">
      <TestMethod codeBase="C:/Users/Administrator/Desktop/sba-exercise/server/ProjectManagement/ProjectManagement.Tests/bin/Debug/ProjectManagement.Tests.DLL" adapterTypeName="Microsoft.VisualStudio.TestTools.TestTypes.Unit.UnitTestAdapter, Microsoft.VisualStudio.QualityTools.Tips.UnitTest.Adapter, Version=15.0.0.0, Culture=neutral, PublicKeyToken=b03f5f7f11d50a3a" className="ProjectManagement.Test.ProjectControllerTest, ProjectManagement.Tests, Version=1.0.0.0, Culture=neutral, PublicKeyToken=null" name="TestDeleteProject_CompletedTasksGreater" />
    </UnitTest>
    <UnitTest name="TestGetProjects_Success" storage="c:\users\administrator\desktop\sba-exercise\server\projectmanagement\projectmanagement.tests\bin\debug\projectmanagement.tests.dll" id="03041db9-87cd-e883-c7f3-54100f8b012c">
      <TestMethod codeBase="C:/Users/Administrator/Desktop/sba-exercise/server/ProjectManagement/ProjectManagement.Tests/bin/Debug/ProjectManagement.Tests.DLL" adapterTypeName="Microsoft.VisualStudio.TestTools.TestTypes.Unit.UnitTestAdapter, Microsoft.VisualStudio.QualityTools.Tips.UnitTest.Adapter, Version=15.0.0.0, Culture=neutral, PublicKeyToken=b03f5f7f11d50a3a" className="ProjectManagement.Test.ProjectControllerTest, ProjectManagement.Tests, Version=1.0.0.0, Culture=neutral, PublicKeyToken=null" name="TestGetProjects_Success" />
    </UnitTest>
    <UnitTest name="TestGetUser_Success" storage="c:\users\administrator\desktop\sba-exercise\server\projectmanagement\projectmanagement.tests\bin\debug\projectmanagement.tests.dll" id="95993b16-8db1-d2aa-0b51-773b5f05f1aa">
      <TestMethod codeBase="C:/Users/Administrator/Desktop/sba-exercise/server/ProjectManagement/ProjectManagement.Tests/bin/Debug/ProjectManagement.Tests.DLL" adapterTypeName="Microsoft.VisualStudio.TestTools.TestTypes.Unit.UnitTestAdapter, Microsoft.VisualStudio.QualityTools.Tips.UnitTest.Adapter, Version=15.0.0.0, Culture=neutral, PublicKeyToken=b03f5f7f11d50a3a" className="ProjectManagement.Test.UserControllerTest, ProjectManagement.Tests, Version=1.0.0.0, Culture=neutral, PublicKeyToken=null" name="TestGetUser_Success" />
    </UnitTest>
    <UnitTest name="TestRetrieveTasks_Success" storage="c:\users\administrator\desktop\sba-exercise\server\projectmanagement\projectmanagement.tests\bin\debug\projectmanagement.tests.dll" id="72f3c69e-686d-5d84-6a23-ea6b352f9e79">
      <TestMethod codeBase="C:/Users/Administrator/Desktop/sba-exercise/server/ProjectManagement/ProjectManagement.Tests/bin/Debug/ProjectManagement.Tests.DLL" adapterTypeName="Microsoft.VisualStudio.TestTools.TestTypes.Unit.UnitTestAdapter, Microsoft.VisualStudio.QualityTools.Tips.UnitTest.Adapter, Version=15.0.0.0, Culture=neutral, PublicKeyToken=b03f5f7f11d50a3a" className="ProjectManagement.Test.TaskControllerTest, ProjectManagement.Tests, Version=1.0.0.0, Culture=neutral, PublicKeyToken=null" name="TestRetrieveTasks_Success" />
    </UnitTest>
    <UnitTest name="TestInsertTask_NegativeTaskId" storage="c:\users\administrator\desktop\sba-exercise\server\projectmanagement\projectmanagement.tests\bin\debug\projectmanagement.tests.dll" id="abebd5fe-fd3b-5346-dd8f-646a17bb93cd">
      <TestMethod codeBase="C:/Users/Administrator/Desktop/sba-exercise/server/ProjectManagement/ProjectManagement.Tests/bin/Debug/ProjectManagement.Tests.DLL" adapterTypeName="Microsoft.VisualStudio.TestTools.TestTypes.Unit.UnitTestAdapter, Microsoft.VisualStudio.QualityTools.Tips.UnitTest.Adapter, Version=15.0.0.0, Culture=neutral, PublicKeyToken=b03f5f7f11d50a3a" className="ProjectManagement.Test.TaskControllerTest, ProjectManagement.Tests, Version=1.0.0.0, Culture=neutral, PublicKeyToken=null" name="TestInsertTask_NegativeTaskId" />
    </UnitTest>
    <UnitTest name="TestUpdateTask_NegativeTaskParentId" storage="c:\users\administrator\desktop\sba-exercise\server\projectmanagement\projectmanagement.tests\bin\debug\projectmanagement.tests.dll" id="3872c9e0-213e-1a46-2f54-028a4f651047">
      <TestMethod codeBase="C:/Users/Administrator/Desktop/sba-exercise/server/ProjectManagement/ProjectManagement.Tests/bin/Debug/ProjectManagement.Tests.DLL" adapterTypeName="Microsoft.VisualStudio.TestTools.TestTypes.Unit.UnitTestAdapter, Microsoft.VisualStudio.QualityTools.Tips.UnitTest.Adapter, Version=15.0.0.0, Culture=neutral, PublicKeyToken=b03f5f7f11d50a3a" className="ProjectManagement.Test.TaskControllerTest, ProjectManagement.Tests, Version=1.0.0.0, Culture=neutral, PublicKeyToken=null" name="TestUpdateTask_NegativeTaskParentId" />
    </UnitTest>
    <UnitTest name="TestInsertTask_NullTaskObject" storage="c:\users\administrator\desktop\sba-exercise\server\projectmanagement\projectmanagement.tests\bin\debug\projectmanagement.tests.dll" id="3f8908a4-0a2d-e10c-3cc8-46c42a9283d7">
      <TestMethod codeBase="C:/Users/Administrator/Desktop/sba-exercise/server/ProjectManagement/ProjectManagement.Tests/bin/Debug/ProjectManagement.Tests.DLL" adapterTypeName="Microsoft.VisualStudio.TestTools.TestTypes.Unit.UnitTestAdapter, Microsoft.VisualStudio.QualityTools.Tips.UnitTest.Adapter, Version=15.0.0.0, Culture=neutral, PublicKeyToken=b03f5f7f11d50a3a" className="ProjectManagement.Test.TaskControllerTest, ProjectManagement.Tests, Version=1.0.0.0, Culture=neutral, PublicKeyToken=null" name="TestInsertTask_NullTaskObject" />
    </UnitTest>
    <UnitTest name="TestInsertProject_NegativeProjectIdInUser" storage="c:\users\administrator\desktop\sba-exercise\server\projectmanagement\projectmanagement.tests\bin\debug\projectmanagement.tests.dll" id="4d188127-6772-193c-dfe9-f3b3f6529660">
      <TestMethod codeBase="C:/Users/Administrator/Desktop/sba-exercise/server/ProjectManagement/ProjectManagement.Tests/bin/Debug/ProjectManagement.Tests.DLL" adapterTypeName="Microsoft.VisualStudio.TestTools.TestTypes.Unit.UnitTestAdapter, Microsoft.VisualStudio.QualityTools.Tips.UnitTest.Adapter, Version=15.0.0.0, Culture=neutral, PublicKeyToken=b03f5f7f11d50a3a" className="ProjectManagement.Test.ProjectControllerTest, ProjectManagement.Tests, Version=1.0.0.0, Culture=neutral, PublicKeyToken=null" name="TestInsertProject_NegativeProjectIdInUser" />
    </UnitTest>
    <UnitTest name="TestUpdateProject_NegativeProjectId" storage="c:\users\administrator\desktop\sba-exercise\server\projectmanagement\projectmanagement.tests\bin\debug\projectmanagement.tests.dll" id="0dcdf598-18b8-ab87-7c68-3d00a6cf1038">
      <TestMethod codeBase="C:/Users/Administrator/Desktop/sba-exercise/server/ProjectManagement/ProjectManagement.Tests/bin/Debug/ProjectManagement.Tests.DLL" adapterTypeName="Microsoft.VisualStudio.TestTools.TestTypes.Unit.UnitTestAdapter, Microsoft.VisualStudio.QualityTools.Tips.UnitTest.Adapter, Version=15.0.0.0, Culture=neutral, PublicKeyToken=b03f5f7f11d50a3a" className="ProjectManagement.Test.ProjectControllerTest, ProjectManagement.Tests, Version=1.0.0.0, Culture=neutral, PublicKeyToken=null" name="TestUpdateProject_NegativeProjectId" />
    </UnitTest>
    <UnitTest name="TestRetrieveTaskByProjectId_Success" storage="c:\users\administrator\desktop\sba-exercise\server\projectmanagement\projectmanagement.tests\bin\debug\projectmanagement.tests.dll" id="cf9673fb-8d68-7873-83c0-984d2fa20765">
      <TestMethod codeBase="C:/Users/Administrator/Desktop/sba-exercise/server/ProjectManagement/ProjectManagement.Tests/bin/Debug/ProjectManagement.Tests.DLL" adapterTypeName="Microsoft.VisualStudio.TestTools.TestTypes.Unit.UnitTestAdapter, Microsoft.VisualStudio.QualityTools.Tips.UnitTest.Adapter, Version=15.0.0.0, Culture=neutral, PublicKeyToken=b03f5f7f11d50a3a" className="ProjectManagement.Test.TaskControllerTest, ProjectManagement.Tests, Version=1.0.0.0, Culture=neutral, PublicKeyToken=null" name="TestRetrieveTaskByProjectId_Success" />
    </UnitTest>
    <WebTest name="WebTest1" storage="c:\users\administrator\desktop\sba-exercise\server\projectmanagement\pmloadtest\webtest1.webtest" id="f252b84e-f968-45d9-bc7a-72c454a11a7f" persistedWebTest="77u/PD94bWwgdmVyc2lvbj0iMS4wIiBlbmNvZGluZz0iVVRGLTgiIHN0YW5kYWxvbmU9InllcyI/Pg0KPFdlYlRlc3QgTmFtZT0iV2ViVGVzdDEiIElkPSJmMjUyYjg0ZS1mOTY4LTQ1ZDktYmM3YS03MmM0NTRhMTFhN2YiIE93bmVyPSIiIFByaW9yaXR5PSIyMTQ3NDgzNjQ3IiBFbmFibGVkPSJUcnVlIiBDc3NQcm9qZWN0U3RydWN0dXJlPSIiIENzc0l0ZXJhdGlvbj0iIiBUaW1lb3V0PSIwIiBXb3JrSXRlbUlkcz0iIiB4bWxucz0iaHR0cDovL21pY3Jvc29mdC5jb20vc2NoZW1hcy9WaXN1YWxTdHVkaW8vVGVhbVRlc3QvMjAxMCIgRGVzY3JpcHRpb249IiIgQ3JlZGVudGlhbFVzZXJOYW1lPSIiIENyZWRlbnRpYWxQYXNzd29yZD0iIiBQcmVBdXRoZW50aWNhdGU9IlRydWUiIFByb3h5PSJkZWZhdWx0IiBTdG9wT25FcnJvcj0iRmFsc2UiIFJlY29yZGVkUmVzdWx0RmlsZT0iIiBSZXN1bHRzTG9jYWxlPSIiIC8+">
    </WebTest>
    <UnitTest name="TestUpdateUser_UserNullException" storage="c:\users\administrator\desktop\sba-exercise\server\projectmanagement\projectmanagement.tests\bin\debug\projectmanagement.tests.dll" id="08107253-d031-acc9-bd55-3fa0a7bd206b">
      <TestMethod codeBase="C:/Users/Administrator/Desktop/sba-exercise/server/ProjectManagement/ProjectManagement.Tests/bin/Debug/ProjectManagement.Tests.DLL" adapterTypeName="Microsoft.VisualStudio.TestTools.TestTypes.Unit.UnitTestAdapter, Microsoft.VisualStudio.QualityTools.Tips.UnitTest.Adapter, Version=15.0.0.0, Culture=neutral, PublicKeyToken=b03f5f7f11d50a3a" className="ProjectManagement.Test.UserControllerTest, ProjectManagement.Tests, Version=1.0.0.0, Culture=neutral, PublicKeyToken=null" name="TestUpdateUser_UserNullException" />
    </UnitTest>
    <UnitTest name="TestDeleteUser_NegativeEmployeeId" storage="c:\users\administrator\desktop\sba-exercise\server\projectmanagement\projectmanagement.tests\bin\debug\projectmanagement.tests.dll" id="0f92d585-0efb-771d-c7cd-9ddb9841880a">
      <TestMethod codeBase="C:/Users/Administrator/Desktop/sba-exercise/server/ProjectManagement/ProjectManagement.Tests/bin/Debug/ProjectManagement.Tests.DLL" adapterTypeName="Microsoft.VisualStudio.TestTools.TestTypes.Unit.UnitTestAdapter, Microsoft.VisualStudio.QualityTools.Tips.UnitTest.Adapter, Version=15.0.0.0, Culture=neutral, PublicKeyToken=b03f5f7f11d50a3a" className="ProjectManagement.Test.UserControllerTest, ProjectManagement.Tests, Version=1.0.0.0, Culture=neutral, PublicKeyToken=null" name="TestDeleteUser_NegativeEmployeeId" />
    </UnitTest>
    <UnitTest name="TestDeleteProject_NoProjectAsParameter" storage="c:\users\administrator\desktop\sba-exercise\server\projectmanagement\projectmanagement.tests\bin\debug\projectmanagement.tests.dll" id="cbf91319-bac8-2248-a376-94bedb9bcf8e">
      <TestMethod codeBase="C:/Users/Administrator/Desktop/sba-exercise/server/ProjectManagement/ProjectManagement.Tests/bin/Debug/ProjectManagement.Tests.DLL" adapterTypeName="Microsoft.VisualStudio.TestTools.TestTypes.Unit.UnitTestAdapter, Microsoft.VisualStudio.QualityTools.Tips.UnitTest.Adapter, Version=15.0.0.0, Culture=neutral, PublicKeyToken=b03f5f7f11d50a3a" className="ProjectManagement.Test.ProjectControllerTest, ProjectManagement.Tests, Version=1.0.0.0, Culture=neutral, PublicKeyToken=null" name="TestDeleteProject_NoProjectAsParameter" />
    </UnitTest>
    <UnitTest name="TestDeleteTask_NegativeProjectId" storage="c:\users\administrator\desktop\sba-exercise\server\projectmanagement\projectmanagement.tests\bin\debug\projectmanagement.tests.dll" id="a91d0eac-8cbc-f081-52d3-03ec8a337e51">
      <TestMethod codeBase="C:/Users/Administrator/Desktop/sba-exercise/server/ProjectManagement/ProjectManagement.Tests/bin/Debug/ProjectManagement.Tests.DLL" adapterTypeName="Microsoft.VisualStudio.TestTools.TestTypes.Unit.UnitTestAdapter, Microsoft.VisualStudio.QualityTools.Tips.UnitTest.Adapter, Version=15.0.0.0, Culture=neutral, PublicKeyToken=b03f5f7f11d50a3a" className="ProjectManagement.Test.TaskControllerTest, ProjectManagement.Tests, Version=1.0.0.0, Culture=neutral, PublicKeyToken=null" name="TestDeleteTask_NegativeProjectId" />
    </UnitTest>
    <UnitTest name="TestInsertUser_InvalidEmployeeId" storage="c:\users\administrator\desktop\sba-exercise\server\projectmanagement\projectmanagement.tests\bin\debug\projectmanagement.tests.dll" id="c9a2bba9-1725-8089-a14e-0621e50a11eb">
      <TestMethod codeBase="C:/Users/Administrator/Desktop/sba-exercise/server/ProjectManagement/ProjectManagement.Tests/bin/Debug/ProjectManagement.Tests.DLL" adapterTypeName="Microsoft.VisualStudio.TestTools.TestTypes.Unit.UnitTestAdapter, Microsoft.VisualStudio.QualityTools.Tips.UnitTest.Adapter, Version=15.0.0.0, Culture=neutral, PublicKeyToken=b03f5f7f11d50a3a" className="ProjectManagement.Test.UserControllerTest, ProjectManagement.Tests, Version=1.0.0.0, Culture=neutral, PublicKeyToken=null" name="TestInsertUser_InvalidEmployeeId" />
    </UnitTest>
    <UnitTest name="TestUpdateUser_NegativeEmployeeId" storage="c:\users\administrator\desktop\sba-exercise\server\projectmanagement\projectmanagement.tests\bin\debug\projectmanagement.tests.dll" id="fa9eccc0-3a14-4cb8-78d1-5bc09de27b65">
      <TestMethod codeBase="C:/Users/Administrator/Desktop/sba-exercise/server/ProjectManagement/ProjectManagement.Tests/bin/Debug/ProjectManagement.Tests.DLL" adapterTypeName="Microsoft.VisualStudio.TestTools.TestTypes.Unit.UnitTestAdapter, Microsoft.VisualStudio.QualityTools.Tips.UnitTest.Adapter, Version=15.0.0.0, Culture=neutral, PublicKeyToken=b03f5f7f11d50a3a" className="ProjectManagement.Test.UserControllerTest, ProjectManagement.Tests, Version=1.0.0.0, Culture=neutral, PublicKeyToken=null" name="TestUpdateUser_NegativeEmployeeId" />
    </UnitTest>
    <UnitTest name="TestDeleteUser_UserNullException" storage="c:\users\administrator\desktop\sba-exercise\server\projectmanagement\projectmanagement.tests\bin\debug\projectmanagement.tests.dll" id="c57dbb3d-43fc-a239-5fcc-c04541c6b167">
      <TestMethod codeBase="C:/Users/Administrator/Desktop/sba-exercise/server/ProjectManagement/ProjectManagement.Tests/bin/Debug/ProjectManagement.Tests.DLL" adapterTypeName="Microsoft.VisualStudio.TestTools.TestTypes.Unit.UnitTestAdapter, Microsoft.VisualStudio.QualityTools.Tips.UnitTest.Adapter, Version=15.0.0.0, Culture=neutral, PublicKeyToken=b03f5f7f11d50a3a" className="ProjectManagement.Test.UserControllerTest, ProjectManagement.Tests, Version=1.0.0.0, Culture=neutral, PublicKeyToken=null" name="TestDeleteUser_UserNullException" />
    </UnitTest>
    <UnitTest name="TestMethod1" storage="c:\users\administrator\desktop\sba-exercise\server\projectmanagement\projectmanagement.tests\bin\debug\projectmanagement.tests.dll" id="1ac02115-0319-3aa1-ef14-bf2655e0fd0b">
      <TestMethod codeBase="C:/Users/Administrator/Desktop/sba-exercise/server/ProjectManagement/ProjectManagement.Tests/bin/Debug/ProjectManagement.Tests.DLL" adapterTypeName="Microsoft.VisualStudio.TestTools.TestTypes.Unit.UnitTestAdapter, Microsoft.VisualStudio.QualityTools.Tips.UnitTest.Adapter, Version=15.0.0.0, Culture=neutral, PublicKeyToken=b03f5f7f11d50a3a" className="ProjectManagement.Tests.UnitTest1, ProjectManagement.Tests, Version=1.0.0.0, Culture=neutral, PublicKeyToken=null" name="TestMethod1" />
    </UnitTest>
    <UnitTest name="TestDeleteProject_UserNullInProject" storage="c:\users\administrator\desktop\sba-exercise\server\projectmanagement\projectmanagement.tests\bin\debug\projectmanagement.tests.dll" id="39f39575-d1b0-8a0b-9934-d8b1945d07c0">
      <TestMethod codeBase="C:/Users/Administrator/Desktop/sba-exercise/server/ProjectManagement/ProjectManagement.Tests/bin/Debug/ProjectManagement.Tests.DLL" adapterTypeName="Microsoft.VisualStudio.TestTools.TestTypes.Unit.UnitTestAdapter, Microsoft.VisualStudio.QualityTools.Tips.UnitTest.Adapter, Version=15.0.0.0, Culture=neutral, PublicKeyToken=b03f5f7f11d50a3a" className="ProjectManagement.Test.ProjectControllerTest, ProjectManagement.Tests, Version=1.0.0.0, Culture=neutral, PublicKeyToken=null" name="TestDeleteProject_UserNullInProject" />
    </UnitTest>
    <UnitTest name="TestInsertProject_CompletedTasksGreater" storage="c:\users\administrator\desktop\sba-exercise\server\projectmanagement\projectmanagement.tests\bin\debug\projectmanagement.tests.dll" id="799f19f6-f555-c4a9-98ae-de71f4a099bf">
      <TestMethod codeBase="C:/Users/Administrator/Desktop/sba-exercise/server/ProjectManagement/ProjectManagement.Tests/bin/Debug/ProjectManagement.Tests.DLL" adapterTypeName="Microsoft.VisualStudio.TestTools.TestTypes.Unit.UnitTestAdapter, Microsoft.VisualStudio.QualityTools.Tips.UnitTest.Adapter, Version=15.0.0.0, Culture=neutral, PublicKeyToken=b03f5f7f11d50a3a" className="ProjectManagement.Test.ProjectControllerTest, ProjectManagement.Tests, Version=1.0.0.0, Culture=neutral, PublicKeyToken=null" name="TestInsertProject_CompletedTasksGreater" />
    </UnitTest>
    <UnitTest name="TestDeleteUser_InvalidEmployeeId" storage="c:\users\administrator\desktop\sba-exercise\server\projectmanagement\projectmanagement.tests\bin\debug\projectmanagement.tests.dll" id="d191cbe5-2a6e-acdd-a615-0557a0aba39e">
      <TestMethod codeBase="C:/Users/Administrator/Desktop/sba-exercise/server/ProjectManagement/ProjectManagement.Tests/bin/Debug/ProjectManagement.Tests.DLL" adapterTypeName="Microsoft.VisualStudio.TestTools.TestTypes.Unit.UnitTestAdapter, Microsoft.VisualStudio.QualityTools.Tips.UnitTest.Adapter, Version=15.0.0.0, Culture=neutral, PublicKeyToken=b03f5f7f11d50a3a" className="ProjectManagement.Test.UserControllerTest, ProjectManagement.Tests, Version=1.0.0.0, Culture=neutral, PublicKeyToken=null" name="TestDeleteUser_InvalidEmployeeId" />
    </UnitTest>
    <UnitTest name="TestUpdateProjects_Success" storage="c:\users\administrator\desktop\sba-exercise\server\projectmanagement\projectmanagement.tests\bin\debug\projectmanagement.tests.dll" id="3bf8f6be-341f-eb38-bf0a-c2153d6814f7">
      <TestMethod codeBase="C:/Users/Administrator/Desktop/sba-exercise/server/ProjectManagement/ProjectManagement.Tests/bin/Debug/ProjectManagement.Tests.DLL" adapterTypeName="Microsoft.VisualStudio.TestTools.TestTypes.Unit.UnitTestAdapter, Microsoft.VisualStudio.QualityTools.Tips.UnitTest.Adapter, Version=15.0.0.0, Culture=neutral, PublicKeyToken=b03f5f7f11d50a3a" className="ProjectManagement.Test.TaskControllerTest, ProjectManagement.Tests, Version=1.0.0.0, Culture=neutral, PublicKeyToken=null" name="TestUpdateProjects_Success" />
    </UnitTest>
    <UnitTest name="TestDeleteProject_NegativeProjectIdInUser" storage="c:\users\administrator\desktop\sba-exercise\server\projectmanagement\projectmanagement.tests\bin\debug\projectmanagement.tests.dll" id="5338f607-76cb-c49b-3534-36ff925af34b">
      <TestMethod codeBase="C:/Users/Administrator/Desktop/sba-exercise/server/ProjectManagement/ProjectManagement.Tests/bin/Debug/ProjectManagement.Tests.DLL" adapterTypeName="Microsoft.VisualStudio.TestTools.TestTypes.Unit.UnitTestAdapter, Microsoft.VisualStudio.QualityTools.Tips.UnitTest.Adapter, Version=15.0.0.0, Culture=neutral, PublicKeyToken=b03f5f7f11d50a3a" className="ProjectManagement.Test.ProjectControllerTest, ProjectManagement.Tests, Version=1.0.0.0, Culture=neutral, PublicKeyToken=null" name="TestDeleteProject_NegativeProjectIdInUser" />
    </UnitTest>
    <UnitTest name="TestInsertUser_UserNullException" storage="c:\users\administrator\desktop\sba-exercise\server\projectmanagement\projectmanagement.tests\bin\debug\projectmanagement.tests.dll" id="fba63926-41b7-9c46-6219-b707b42442df">
      <TestMethod codeBase="C:/Users/Administrator/Desktop/sba-exercise/server/ProjectManagement/ProjectManagement.Tests/bin/Debug/ProjectManagement.Tests.DLL" adapterTypeName="Microsoft.VisualStudio.TestTools.TestTypes.Unit.UnitTestAdapter, Microsoft.VisualStudio.QualityTools.Tips.UnitTest.Adapter, Version=15.0.0.0, Culture=neutral, PublicKeyToken=b03f5f7f11d50a3a" className="ProjectManagement.Test.UserControllerTest, ProjectManagement.Tests, Version=1.0.0.0, Culture=neutral, PublicKeyToken=null" name="TestInsertUser_UserNullException" />
    </UnitTest>
    <LoadTest Name="LoadTest1" Description="" Owner="" storage="c:\users\administrator\desktop\sba-exercise\server\projectmanagement\pmloadtest\loadtest1.loadtest" Priority="2147483647" Enabled="true" CssProjectStructure="" CssIteration="" DeploymentItemsEditable="" WorkItemIds="" TraceLevel="None" CurrentRunConfig="Run Settings1" Id="4bbf72ea-b94a-4d79-adce-1847151c8eb2">
      <Scenarios>
        <Scenario Name="Scenario1" DelayBetweenIterations="0" PercentNewUsers="0" IPSwitching="false" TestMixType="PercentageOfTestsStarted" ApplyDistributionToPacingDelay="true" MaxTestIterations="0" DisableDuringWarmup="false" DelayStartTime="0" AllowedAgents="">
          <ThinkProfile Value="0.2" Pattern="NormalDistribution" />
          <LoadProfile Pattern="Constant" InitialUsers="25" />
          <TestMix>
            <TestProfile Name="TestDeleteProject_NegativeProjectId" Path="c:\users\administrator\desktop\sba-exercise\server\projectmanagement\projectmanagement.tests\bin\debug\projectmanagement.tests.dll" Id="af40eb08-6e35-1f9e-1137-e26eaead46db" Percentage="2" Type="Microsoft.VisualStudio.TestTools.TestTypes.Unit.UnitTestElement, Microsoft.VisualStudio.QualityTools.Tips.UnitTest.ObjectModel, Version=15.0.0.0, Culture=neutral, PublicKeyToken=b03f5f7f11d50a3a" />
            <TestProfile Name="TestDeleteProject_CompletedTasksGreater" Path="c:\users\administrator\desktop\sba-exercise\server\projectmanagement\projectmanagement.tests\bin\debug\projectmanagement.tests.dll" Id="d333cd29-cef7-da96-5b7c-b9bf1840ed57" Percentage="2" Type="Microsoft.VisualStudio.TestTools.TestTypes.Unit.UnitTestElement, Microsoft.VisualStudio.QualityTools.Tips.UnitTest.ObjectModel, Version=15.0.0.0, Culture=neutral, PublicKeyToken=b03f5f7f11d50a3a" />
            <TestProfile Name="TestDeleteProject_NegativeProjectIdInUser" Path="c:\users\administrator\desktop\sba-exercise\server\projectmanagement\projectmanagement.tests\bin\debug\projectmanagement.tests.dll" Id="5338f607-76cb-c49b-3534-36ff925af34b" Percentage="2" Type="Microsoft.VisualStudio.TestTools.TestTypes.Unit.UnitTestElement, Microsoft.VisualStudio.QualityTools.Tips.UnitTest.ObjectModel, Version=15.0.0.0, Culture=neutral, PublicKeyToken=b03f5f7f11d50a3a" />
            <TestProfile Name="TestDeleteProject_NoProjectAsParameter" Path="c:\users\administrator\desktop\sba-exercise\server\projectmanagement\projectmanagement.tests\bin\debug\projectmanagement.tests.dll" Id="cbf91319-bac8-2248-a376-94bedb9bcf8e" Percentage="2" Type="Microsoft.VisualStudio.TestTools.TestTypes.Unit.UnitTestElement, Microsoft.VisualStudio.QualityTools.Tips.UnitTest.ObjectModel, Version=15.0.0.0, Culture=neutral, PublicKeyToken=b03f5f7f11d50a3a" />
            <TestProfile Name="TestDeleteProjects_Success" Path="c:\users\administrator\desktop\sba-exercise\server\projectmanagement\projectmanagement.tests\bin\debug\projectmanagement.tests.dll" Id="26006798-996c-ca49-394d-e15c80aaf31b" Percentage="2" Type="Microsoft.VisualStudio.TestTools.TestTypes.Unit.UnitTestElement, Microsoft.VisualStudio.QualityTools.Tips.UnitTest.ObjectModel, Version=15.0.0.0, Culture=neutral, PublicKeyToken=b03f5f7f11d50a3a" />
            <TestProfile Name="TestDeleteProject_UserNullInProject" Path="c:\users\administrator\desktop\sba-exercise\server\projectmanagement\projectmanagement.tests\bin\debug\projectmanagement.tests.dll" Id="39f39575-d1b0-8a0b-9934-d8b1945d07c0" Percentage="2" Type="Microsoft.VisualStudio.TestTools.TestTypes.Unit.UnitTestElement, Microsoft.VisualStudio.QualityTools.Tips.UnitTest.ObjectModel, Version=15.0.0.0, Culture=neutral, PublicKeyToken=b03f5f7f11d50a3a" />
            <TestProfile Name="TestDeleteProjects_Success" Path="c:\users\administrator\desktop\sba-exercise\server\projectmanagement\projectmanagement.tests\bin\debug\projectmanagement.tests.dll" Id="cfa67afc-affd-cfcf-0fc8-3f3d812e8ea3" Percentage="2" Type="Microsoft.VisualStudio.TestTools.TestTypes.Unit.UnitTestElement, Microsoft.VisualStudio.QualityTools.Tips.UnitTest.ObjectModel, Version=15.0.0.0, Culture=neutral, PublicKeyToken=b03f5f7f11d50a3a" />
            <TestProfile Name="TestDeleteTask_NegativeProjectId" Path="c:\users\administrator\desktop\sba-exercise\server\projectmanagement\projectmanagement.tests\bin\debug\projectmanagement.tests.dll" Id="a91d0eac-8cbc-f081-52d3-03ec8a337e51" Percentage="2" Type="Microsoft.VisualStudio.TestTools.TestTypes.Unit.UnitTestElement, Microsoft.VisualStudio.QualityTools.Tips.UnitTest.ObjectModel, Version=15.0.0.0, Culture=neutral, PublicKeyToken=b03f5f7f11d50a3a" />
            <TestProfile Name="TestDeleteTask_NegativeTaskId" Path="c:\users\administrator\desktop\sba-exercise\server\projectmanagement\projectmanagement.tests\bin\debug\projectmanagement.tests.dll" Id="d766aaac-ac21-3eaa-8722-de72584a8803" Percentage="2" Type="Microsoft.VisualStudio.TestTools.TestTypes.Unit.UnitTestElement, Microsoft.VisualStudio.QualityTools.Tips.UnitTest.ObjectModel, Version=15.0.0.0, Culture=neutral, PublicKeyToken=b03f5f7f11d50a3a" />
            <TestProfile Name="TestDeleteTask_NegativeTaskParentId" Path="c:\users\administrator\desktop\sba-exercise\server\projectmanagement\projectmanagement.tests\bin\debug\projectmanagement.tests.dll" Id="15511aa6-f7e3-7a1a-1758-1ec38f729ccb" Percentage="2" Type="Microsoft.VisualStudio.TestTools.TestTypes.Unit.UnitTestElement, Microsoft.VisualStudio.QualityTools.Tips.UnitTest.ObjectModel, Version=15.0.0.0, Culture=neutral, PublicKeyToken=b03f5f7f11d50a3a" />
            <TestProfile Name="TestDeleteTask_NullTaskObject" Path="c:\users\administrator\desktop\sba-exercise\server\projectmanagement\projectmanagement.tests\bin\debug\projectmanagement.tests.dll" Id="211f76b8-d357-2828-53a5-c45d5306157c" Percentage="2" Type="Microsoft.VisualStudio.TestTools.TestTypes.Unit.UnitTestElement, Microsoft.VisualStudio.QualityTools.Tips.UnitTest.ObjectModel, Version=15.0.0.0, Culture=neutral, PublicKeyToken=b03f5f7f11d50a3a" />
            <TestProfile Name="TestDeleteUser_InvalidEmployeeId" Path="c:\users\administrator\desktop\sba-exercise\server\projectmanagement\projectmanagement.tests\bin\debug\projectmanagement.tests.dll" Id="d191cbe5-2a6e-acdd-a615-0557a0aba39e" Percentage="2" Type="Microsoft.VisualStudio.TestTools.TestTypes.Unit.UnitTestElement, Microsoft.VisualStudio.QualityTools.Tips.UnitTest.ObjectModel, Version=15.0.0.0, Culture=neutral, PublicKeyToken=b03f5f7f11d50a3a" />
            <TestProfile Name="TestDeleteUser_InvalidProjectIdFormat" Path="c:\users\administrator\desktop\sba-exercise\server\projectmanagement\projectmanagement.tests\bin\debug\projectmanagement.tests.dll" Id="73e56084-eb36-e7ff-b1a8-e9ed3dea2cf7" Percentage="2" Type="Microsoft.VisualStudio.TestTools.TestTypes.Unit.UnitTestElement, Microsoft.VisualStudio.QualityTools.Tips.UnitTest.ObjectModel, Version=15.0.0.0, Culture=neutral, PublicKeyToken=b03f5f7f11d50a3a" />
            <TestProfile Name="TestDeleteUser_NegativeEmployeeId" Path="c:\users\administrator\desktop\sba-exercise\server\projectmanagement\projectmanagement.tests\bin\debug\projectmanagement.tests.dll" Id="0f92d585-0efb-771d-c7cd-9ddb9841880a" Percentage="2" Type="Microsoft.VisualStudio.TestTools.TestTypes.Unit.UnitTestElement, Microsoft.VisualStudio.QualityTools.Tips.UnitTest.ObjectModel, Version=15.0.0.0, Culture=neutral, PublicKeyToken=b03f5f7f11d50a3a" />
            <TestProfile Name="TestDeleteUser_NegativeUserIdFormat" Path="c:\users\administrator\desktop\sba-exercise\server\projectmanagement\projectmanagement.tests\bin\debug\projectmanagement.tests.dll" Id="cb28244f-e99b-f9a9-d562-960aff079cb3" Percentage="2" Type="Microsoft.VisualStudio.TestTools.TestTypes.Unit.UnitTestElement, Microsoft.VisualStudio.QualityTools.Tips.UnitTest.ObjectModel, Version=15.0.0.0, Culture=neutral, PublicKeyToken=b03f5f7f11d50a3a" />
            <TestProfile Name="TestDeleteUser_Success" Path="c:\users\administrator\desktop\sba-exercise\server\projectmanagement\projectmanagement.tests\bin\debug\projectmanagement.tests.dll" Id="cc024381-7ae7-1b32-42a5-a1145246956b" Percentage="2" Type="Microsoft.VisualStudio.TestTools.TestTypes.Unit.UnitTestElement, Microsoft.VisualStudio.QualityTools.Tips.UnitTest.ObjectModel, Version=15.0.0.0, Culture=neutral, PublicKeyToken=b03f5f7f11d50a3a" />
            <TestProfile Name="TestDeleteUser_UserNullException" Path="c:\users\administrator\desktop\sba-exercise\server\projectmanagement\projectmanagement.tests\bin\debug\projectmanagement.tests.dll" Id="c57dbb3d-43fc-a239-5fcc-c04541c6b167" Percentage="2" Type="Microsoft.VisualStudio.TestTools.TestTypes.Unit.UnitTestElement, Microsoft.VisualStudio.QualityTools.Tips.UnitTest.ObjectModel, Version=15.0.0.0, Culture=neutral, PublicKeyToken=b03f5f7f11d50a3a" />
            <TestProfile Name="TestGetProjects_Success" Path="c:\users\administrator\desktop\sba-exercise\server\projectmanagement\projectmanagement.tests\bin\debug\projectmanagement.tests.dll" Id="03041db9-87cd-e883-c7f3-54100f8b012c" Percentage="2" Type="Microsoft.VisualStudio.TestTools.TestTypes.Unit.UnitTestElement, Microsoft.VisualStudio.QualityTools.Tips.UnitTest.ObjectModel, Version=15.0.0.0, Culture=neutral, PublicKeyToken=b03f5f7f11d50a3a" />
            <TestProfile Name="TestGetUser_Success" Path="c:\users\administrator\desktop\sba-exercise\server\projectmanagement\projectmanagement.tests\bin\debug\projectmanagement.tests.dll" Id="95993b16-8db1-d2aa-0b51-773b5f05f1aa" Percentage="2" Type="Microsoft.VisualStudio.TestTools.TestTypes.Unit.UnitTestElement, Microsoft.VisualStudio.QualityTools.Tips.UnitTest.ObjectModel, Version=15.0.0.0, Culture=neutral, PublicKeyToken=b03f5f7f11d50a3a" />
            <TestProfile Name="TestInsertProject_CompletedTasksGreater" Path="c:\users\administrator\desktop\sba-exercise\server\projectmanagement\projectmanagement.tests\bin\debug\projectmanagement.tests.dll" Id="799f19f6-f555-c4a9-98ae-de71f4a099bf" Percentage="2" Type="Microsoft.VisualStudio.TestTools.TestTypes.Unit.UnitTestElement, Microsoft.VisualStudio.QualityTools.Tips.UnitTest.ObjectModel, Version=15.0.0.0, Culture=neutral, PublicKeyToken=b03f5f7f11d50a3a" />
            <TestProfile Name="TestInsertProject_NegativeProjectId" Path="c:\users\administrator\desktop\sba-exercise\server\projectmanagement\projectmanagement.tests\bin\debug\projectmanagement.tests.dll" Id="c3ac4f12-d695-2654-8149-3228dcd5844d" Percentage="2" Type="Microsoft.VisualStudio.TestTools.TestTypes.Unit.UnitTestElement, Microsoft.VisualStudio.QualityTools.Tips.UnitTest.ObjectModel, Version=15.0.0.0, Culture=neutral, PublicKeyToken=b03f5f7f11d50a3a" />
            <TestProfile Name="TestInsertProject_NegativeProjectIdInUser" Path="c:\users\administrator\desktop\sba-exercise\server\projectmanagement\projectmanagement.tests\bin\debug\projectmanagement.tests.dll" Id="4d188127-6772-193c-dfe9-f3b3f6529660" Percentage="2" Type="Microsoft.VisualStudio.TestTools.TestTypes.Unit.UnitTestElement, Microsoft.VisualStudio.QualityTools.Tips.UnitTest.ObjectModel, Version=15.0.0.0, Culture=neutral, PublicKeyToken=b03f5f7f11d50a3a" />
            <TestProfile Name="TestInsertProject_NoProjectAsParameter" Path="c:\users\administrator\desktop\sba-exercise\server\projectmanagement\projectmanagement.tests\bin\debug\projectmanagement.tests.dll" Id="6710dc62-e54b-a9f6-1221-c61bc3c62505" Percentage="2" Type="Microsoft.VisualStudio.TestTools.TestTypes.Unit.UnitTestElement, Microsoft.VisualStudio.QualityTools.Tips.UnitTest.ObjectModel, Version=15.0.0.0, Culture=neutral, PublicKeyToken=b03f5f7f11d50a3a" />
            <TestProfile Name="TestInsertProject_UserNullInProject" Path="c:\users\administrator\desktop\sba-exercise\server\projectmanagement\projectmanagement.tests\bin\debug\projectmanagement.tests.dll" Id="48f0854c-bf8b-553a-36d9-ea51dd5eb21f" Percentage="2" Type="Microsoft.VisualStudio.TestTools.TestTypes.Unit.UnitTestElement, Microsoft.VisualStudio.QualityTools.Tips.UnitTest.ObjectModel, Version=15.0.0.0, Culture=neutral, PublicKeyToken=b03f5f7f11d50a3a" />
            <TestProfile Name="TestInsertProjects_Success" Path="c:\users\administrator\desktop\sba-exercise\server\projectmanagement\projectmanagement.tests\bin\debug\projectmanagement.tests.dll" Id="f6c4e983-af0b-1eaf-db16-fe2099b298e4" Percentage="2" Type="Microsoft.VisualStudio.TestTools.TestTypes.Unit.UnitTestElement, Microsoft.VisualStudio.QualityTools.Tips.UnitTest.ObjectModel, Version=15.0.0.0, Culture=neutral, PublicKeyToken=b03f5f7f11d50a3a" />
            <TestProfile Name="TestInsertTask_NegativeProjectId" Path="c:\users\administrator\desktop\sba-exercise\server\projectmanagement\projectmanagement.tests\bin\debug\projectmanagement.tests.dll" Id="c9b6c281-eb84-cd88-ab0e-5989ec4ee99d" Percentage="2" Type="Microsoft.VisualStudio.TestTools.TestTypes.Unit.UnitTestElement, Microsoft.VisualStudio.QualityTools.Tips.UnitTest.ObjectModel, Version=15.0.0.0, Culture=neutral, PublicKeyToken=b03f5f7f11d50a3a" />
            <TestProfile Name="TestInsertTask_NegativeTaskId" Path="c:\users\administrator\desktop\sba-exercise\server\projectmanagement\projectmanagement.tests\bin\debug\projectmanagement.tests.dll" Id="abebd5fe-fd3b-5346-dd8f-646a17bb93cd" Percentage="2" Type="Microsoft.VisualStudio.TestTools.TestTypes.Unit.UnitTestElement, Microsoft.VisualStudio.QualityTools.Tips.UnitTest.ObjectModel, Version=15.0.0.0, Culture=neutral, PublicKeyToken=b03f5f7f11d50a3a" />
            <TestProfile Name="TestInsertTask_NegativeTaskParentId" Path="c:\users\administrator\desktop\sba-exercise\server\projectmanagement\projectmanagement.tests\bin\debug\projectmanagement.tests.dll" Id="d2077fe6-886e-c3f8-2ab4-353858453387" Percentage="2" Type="Microsoft.VisualStudio.TestTools.TestTypes.Unit.UnitTestElement, Microsoft.VisualStudio.QualityTools.Tips.UnitTest.ObjectModel, Version=15.0.0.0, Culture=neutral, PublicKeyToken=b03f5f7f11d50a3a" />
            <TestProfile Name="TestInsertTask_NullTaskObject" Path="c:\users\administrator\desktop\sba-exercise\server\projectmanagement\projectmanagement.tests\bin\debug\projectmanagement.tests.dll" Id="3f8908a4-0a2d-e10c-3cc8-46c42a9283d7" Percentage="2" Type="Microsoft.VisualStudio.TestTools.TestTypes.Unit.UnitTestElement, Microsoft.VisualStudio.QualityTools.Tips.UnitTest.ObjectModel, Version=15.0.0.0, Culture=neutral, PublicKeyToken=b03f5f7f11d50a3a" />
            <TestProfile Name="TestInsertTasks_Success" Path="c:\users\administrator\desktop\sba-exercise\server\projectmanagement\projectmanagement.tests\bin\debug\projectmanagement.tests.dll" Id="b6353e8e-0c77-c68a-e57d-7a828d2964fb" Percentage="2" Type="Microsoft.VisualStudio.TestTools.TestTypes.Unit.UnitTestElement, Microsoft.VisualStudio.QualityTools.Tips.UnitTest.ObjectModel, Version=15.0.0.0, Culture=neutral, PublicKeyToken=b03f5f7f11d50a3a" />
            <TestProfile Name="TestInsertUser_InvalidEmployeeId" Path="c:\users\administrator\desktop\sba-exercise\server\projectmanagement\projectmanagement.tests\bin\debug\projectmanagement.tests.dll" Id="c9a2bba9-1725-8089-a14e-0621e50a11eb" Percentage="2" Type="Microsoft.VisualStudio.TestTools.TestTypes.Unit.UnitTestElement, Microsoft.VisualStudio.QualityTools.Tips.UnitTest.ObjectModel, Version=15.0.0.0, Culture=neutral, PublicKeyToken=b03f5f7f11d50a3a" />
            <TestProfile Name="TestInsertUser_InvalidProjectIdFormat" Path="c:\users\administrator\desktop\sba-exercise\server\projectmanagement\projectmanagement.tests\bin\debug\projectmanagement.tests.dll" Id="6ddf1be2-e668-a171-df99-201604580aec" Percentage="2" Type="Microsoft.VisualStudio.TestTools.TestTypes.Unit.UnitTestElement, Microsoft.VisualStudio.QualityTools.Tips.UnitTest.ObjectModel, Version=15.0.0.0, Culture=neutral, PublicKeyToken=b03f5f7f11d50a3a" />
            <TestProfile Name="TestInsertUser_NegativeEmployeeId" Path="c:\users\administrator\desktop\sba-exercise\server\projectmanagement\projectmanagement.tests\bin\debug\projectmanagement.tests.dll" Id="f8d19c8a-1b22-5584-6d91-d74ad6fadabb" Percentage="2" Type="Microsoft.VisualStudio.TestTools.TestTypes.Unit.UnitTestElement, Microsoft.VisualStudio.QualityTools.Tips.UnitTest.ObjectModel, Version=15.0.0.0, Culture=neutral, PublicKeyToken=b03f5f7f11d50a3a" />
            <TestProfile Name="TestInsertUser_Success" Path="c:\users\administrator\desktop\sba-exercise\server\projectmanagement\projectmanagement.tests\bin\debug\projectmanagement.tests.dll" Id="e2556136-3103-b9b3-a13f-0cc19d8d4da9" Percentage="2" Type="Microsoft.VisualStudio.TestTools.TestTypes.Unit.UnitTestElement, Microsoft.VisualStudio.QualityTools.Tips.UnitTest.ObjectModel, Version=15.0.0.0, Culture=neutral, PublicKeyToken=b03f5f7f11d50a3a" />
            <TestProfile Name="TestInsertUser_UserNullException" Path="c:\users\administrator\desktop\sba-exercise\server\projectmanagement\projectmanagement.tests\bin\debug\projectmanagement.tests.dll" Id="fba63926-41b7-9c46-6219-b707b42442df" Percentage="2" Type="Microsoft.VisualStudio.TestTools.TestTypes.Unit.UnitTestElement, Microsoft.VisualStudio.QualityTools.Tips.UnitTest.ObjectModel, Version=15.0.0.0, Culture=neutral, PublicKeyToken=b03f5f7f11d50a3a" />
            <TestProfile Name="TestMethod1" Path="c:\users\administrator\desktop\sba-exercise\server\projectmanagement\projectmanagement.tests\bin\debug\projectmanagement.tests.dll" Id="1ac02115-0319-3aa1-ef14-bf2655e0fd0b" Percentage="2" Type="Microsoft.VisualStudio.TestTools.TestTypes.Unit.UnitTestElement, Microsoft.VisualStudio.QualityTools.Tips.UnitTest.ObjectModel, Version=15.0.0.0, Culture=neutral, PublicKeyToken=b03f5f7f11d50a3a" />
            <TestProfile Name="TestRetrieveParentTasks_Success" Path="c:\users\administrator\desktop\sba-exercise\server\projectmanagement\projectmanagement.tests\bin\debug\projectmanagement.tests.dll" Id="ad1d3d07-01b1-6c0e-a17e-00efe1f6b062" Percentage="2" Type="Microsoft.VisualStudio.TestTools.TestTypes.Unit.UnitTestElement, Microsoft.VisualStudio.QualityTools.Tips.UnitTest.ObjectModel, Version=15.0.0.0, Culture=neutral, PublicKeyToken=b03f5f7f11d50a3a" />
            <TestProfile Name="TestRetrieveTaskByProjectId_NegativeTaskId" Path="c:\users\administrator\desktop\sba-exercise\server\projectmanagement\projectmanagement.tests\bin\debug\projectmanagement.tests.dll" Id="8407fe54-315b-a283-3970-a669ab328c64" Percentage="2" Type="Microsoft.VisualStudio.TestTools.TestTypes.Unit.UnitTestElement, Microsoft.VisualStudio.QualityTools.Tips.UnitTest.ObjectModel, Version=15.0.0.0, Culture=neutral, PublicKeyToken=b03f5f7f11d50a3a" />
            <TestProfile Name="TestRetrieveTaskByProjectId_Success" Path="c:\users\administrator\desktop\sba-exercise\server\projectmanagement\projectmanagement.tests\bin\debug\projectmanagement.tests.dll" Id="cf9673fb-8d68-7873-83c0-984d2fa20765" Percentage="2" Type="Microsoft.VisualStudio.TestTools.TestTypes.Unit.UnitTestElement, Microsoft.VisualStudio.QualityTools.Tips.UnitTest.ObjectModel, Version=15.0.0.0, Culture=neutral, PublicKeyToken=b03f5f7f11d50a3a" />
            <TestProfile Name="TestRetrieveTasks_Success" Path="c:\users\administrator\desktop\sba-exercise\server\projectmanagement\projectmanagement.tests\bin\debug\projectmanagement.tests.dll" Id="72f3c69e-686d-5d84-6a23-ea6b352f9e79" Percentage="2" Type="Microsoft.VisualStudio.TestTools.TestTypes.Unit.UnitTestElement, Microsoft.VisualStudio.QualityTools.Tips.UnitTest.ObjectModel, Version=15.0.0.0, Culture=neutral, PublicKeyToken=b03f5f7f11d50a3a" />
            <TestProfile Name="TestUpdateProject_CompletedTasksGreater" Path="c:\users\administrator\desktop\sba-exercise\server\projectmanagement\projectmanagement.tests\bin\debug\projectmanagement.tests.dll" Id="787f101f-2ed7-2cef-872b-50f2710d7850" Percentage="2" Type="Microsoft.VisualStudio.TestTools.TestTypes.Unit.UnitTestElement, Microsoft.VisualStudio.QualityTools.Tips.UnitTest.ObjectModel, Version=15.0.0.0, Culture=neutral, PublicKeyToken=b03f5f7f11d50a3a" />
            <TestProfile Name="TestUpdateProject_NegativeProjectId" Path="c:\users\administrator\desktop\sba-exercise\server\projectmanagement\projectmanagement.tests\bin\debug\projectmanagement.tests.dll" Id="0dcdf598-18b8-ab87-7c68-3d00a6cf1038" Percentage="2" Type="Microsoft.VisualStudio.TestTools.TestTypes.Unit.UnitTestElement, Microsoft.VisualStudio.QualityTools.Tips.UnitTest.ObjectModel, Version=15.0.0.0, Culture=neutral, PublicKeyToken=b03f5f7f11d50a3a" />
            <TestProfile Name="TestUpdateProject_NegativeProjectIdInUser" Path="c:\users\administrator\desktop\sba-exercise\server\projectmanagement\projectmanagement.tests\bin\debug\projectmanagement.tests.dll" Id="4955df02-4758-a74e-3bee-39ea6b8d0491" Percentage="1" Type="Microsoft.VisualStudio.TestTools.TestTypes.Unit.UnitTestElement, Microsoft.VisualStudio.QualityTools.Tips.UnitTest.ObjectModel, Version=15.0.0.0, Culture=neutral, PublicKeyToken=b03f5f7f11d50a3a" />
            <TestProfile Name="TestUpdateProject_NoProjectAsParameter" Path="c:\users\administrator\desktop\sba-exercise\server\projectmanagement\projectmanagement.tests\bin\debug\projectmanagement.tests.dll" Id="97b25215-8410-27f6-7b38-1fdf47f5c0e4" Percentage="1" Type="Microsoft.VisualStudio.TestTools.TestTypes.Unit.UnitTestElement, Microsoft.VisualStudio.QualityTools.Tips.UnitTest.ObjectModel, Version=15.0.0.0, Culture=neutral, PublicKeyToken=b03f5f7f11d50a3a" />
            <TestProfile Name="TestUpdateProject_UserNullInProject" Path="c:\users\administrator\desktop\sba-exercise\server\projectmanagement\projectmanagement.tests\bin\debug\projectmanagement.tests.dll" Id="775b9897-286f-0527-f512-9c88dbe2d16e" Percentage="1" Type="Microsoft.VisualStudio.TestTools.TestTypes.Unit.UnitTestElement, Microsoft.VisualStudio.QualityTools.Tips.UnitTest.ObjectModel, Version=15.0.0.0, Culture=neutral, PublicKeyToken=b03f5f7f11d50a3a" />
            <TestProfile Name="TestUpdateProjects_Success" Path="c:\users\administrator\desktop\sba-exercise\server\projectmanagement\projectmanagement.tests\bin\debug\projectmanagement.tests.dll" Id="6f05af90-af74-8ec6-67bf-b4bd7934ce4d" Percentage="1" Type="Microsoft.VisualStudio.TestTools.TestTypes.Unit.UnitTestElement, Microsoft.VisualStudio.QualityTools.Tips.UnitTest.ObjectModel, Version=15.0.0.0, Culture=neutral, PublicKeyToken=b03f5f7f11d50a3a" />
            <TestProfile Name="TestUpdateProjects_Success" Path="c:\users\administrator\desktop\sba-exercise\server\projectmanagement\projectmanagement.tests\bin\debug\projectmanagement.tests.dll" Id="3bf8f6be-341f-eb38-bf0a-c2153d6814f7" Percentage="1" Type="Microsoft.VisualStudio.TestTools.TestTypes.Unit.UnitTestElement, Microsoft.VisualStudio.QualityTools.Tips.UnitTest.ObjectModel, Version=15.0.0.0, Culture=neutral, PublicKeyToken=b03f5f7f11d50a3a" />
            <TestProfile Name="TestUpdateTask_NegativeProjectId" Path="c:\users\administrator\desktop\sba-exercise\server\projectmanagement\projectmanagement.tests\bin\debug\projectmanagement.tests.dll" Id="b68780a3-fa27-287e-d35f-fe196091bed3" Percentage="1" Type="Microsoft.VisualStudio.TestTools.TestTypes.Unit.UnitTestElement, Microsoft.VisualStudio.QualityTools.Tips.UnitTest.ObjectModel, Version=15.0.0.0, Culture=neutral, PublicKeyToken=b03f5f7f11d50a3a" />
            <TestProfile Name="TestUpdateTask_NegativeTaskId" Path="c:\users\administrator\desktop\sba-exercise\server\projectmanagement\projectmanagement.tests\bin\debug\projectmanagement.tests.dll" Id="99e2893b-b917-5d68-e4ef-31e56efb10d3" Percentage="1" Type="Microsoft.VisualStudio.TestTools.TestTypes.Unit.UnitTestElement, Microsoft.VisualStudio.QualityTools.Tips.UnitTest.ObjectModel, Version=15.0.0.0, Culture=neutral, PublicKeyToken=b03f5f7f11d50a3a" />
            <TestProfile Name="TestUpdateTask_NegativeTaskParentId" Path="c:\users\administrator\desktop\sba-exercise\server\projectmanagement\projectmanagement.tests\bin\debug\projectmanagement.tests.dll" Id="3872c9e0-213e-1a46-2f54-028a4f651047" Percentage="1" Type="Microsoft.VisualStudio.TestTools.TestTypes.Unit.UnitTestElement, Microsoft.VisualStudio.QualityTools.Tips.UnitTest.ObjectModel, Version=15.0.0.0, Culture=neutral, PublicKeyToken=b03f5f7f11d50a3a" />
            <TestProfile Name="TestUpdateTask_NullTaskObject" Path="c:\users\administrator\desktop\sba-exercise\server\projectmanagement\projectmanagement.tests\bin\debug\projectmanagement.tests.dll" Id="5581a195-3002-c130-2ef2-2a672b9f7eb3" Percentage="1" Type="Microsoft.VisualStudio.TestTools.TestTypes.Unit.UnitTestElement, Microsoft.VisualStudio.QualityTools.Tips.UnitTest.ObjectModel, Version=15.0.0.0, Culture=neutral, PublicKeyToken=b03f5f7f11d50a3a" />
            <TestProfile Name="TestUpdateUser_InvalidEmployeeId" Path="c:\users\administrator\desktop\sba-exercise\server\projectmanagement\projectmanagement.tests\bin\debug\projectmanagement.tests.dll" Id="c672a99a-065d-da1a-46dd-6fe60782c1f8" Percentage="1" Type="Microsoft.VisualStudio.TestTools.TestTypes.Unit.UnitTestElement, Microsoft.VisualStudio.QualityTools.Tips.UnitTest.ObjectModel, Version=15.0.0.0, Culture=neutral, PublicKeyToken=b03f5f7f11d50a3a" />
            <TestProfile Name="TestUpdateUser_InvalidProjectIdFormat" Path="c:\users\administrator\desktop\sba-exercise\server\projectmanagement\projectmanagement.tests\bin\debug\projectmanagement.tests.dll" Id="19977303-04aa-7495-f9d3-335538a26b9e" Percentage="1" Type="Microsoft.VisualStudio.TestTools.TestTypes.Unit.UnitTestElement, Microsoft.VisualStudio.QualityTools.Tips.UnitTest.ObjectModel, Version=15.0.0.0, Culture=neutral, PublicKeyToken=b03f5f7f11d50a3a" />
            <TestProfile Name="TestUpdateUser_NegativeEmployeeId" Path="c:\users\administrator\desktop\sba-exercise\server\projectmanagement\projectmanagement.tests\bin\debug\projectmanagement.tests.dll" Id="fa9eccc0-3a14-4cb8-78d1-5bc09de27b65" Percentage="1" Type="Microsoft.VisualStudio.TestTools.TestTypes.Unit.UnitTestElement, Microsoft.VisualStudio.QualityTools.Tips.UnitTest.ObjectModel, Version=15.0.0.0, Culture=neutral, PublicKeyToken=b03f5f7f11d50a3a" />
            <TestProfile Name="TestUpdateUser_NegativeUserIdFormat" Path="c:\users\administrator\desktop\sba-exercise\server\projectmanagement\projectmanagement.tests\bin\debug\projectmanagement.tests.dll" Id="618ec8c3-89d5-6451-2056-6b774010bea8" Percentage="1" Type="Microsoft.VisualStudio.TestTools.TestTypes.Unit.UnitTestElement, Microsoft.VisualStudio.QualityTools.Tips.UnitTest.ObjectModel, Version=15.0.0.0, Culture=neutral, PublicKeyToken=b03f5f7f11d50a3a" />
            <TestProfile Name="TestUpdateUser_Success" Path="c:\users\administrator\desktop\sba-exercise\server\projectmanagement\projectmanagement.tests\bin\debug\projectmanagement.tests.dll" Id="365d8ab6-106f-6dfd-7ec1-ccbc632eba6b" Percentage="1" Type="Microsoft.VisualStudio.TestTools.TestTypes.Unit.UnitTestElement, Microsoft.VisualStudio.QualityTools.Tips.UnitTest.ObjectModel, Version=15.0.0.0, Culture=neutral, PublicKeyToken=b03f5f7f11d50a3a" />
            <TestProfile Name="TestUpdateUser_UserNullException" Path="c:\users\administrator\desktop\sba-exercise\server\projectmanagement\projectmanagement.tests\bin\debug\projectmanagement.tests.dll" Id="08107253-d031-acc9-bd55-3fa0a7bd206b" Percentage="1" Type="Microsoft.VisualStudio.TestTools.TestTypes.Unit.UnitTestElement, Microsoft.VisualStudio.QualityTools.Tips.UnitTest.ObjectModel, Version=15.0.0.0, Culture=neutral, PublicKeyToken=b03f5f7f11d50a3a" />
            <TestProfile Name="WebTest1" Path="c:\users\administrator\desktop\sba-exercise\server\projectmanagement\pmloadtest\webtest1.webtest" Id="f252b84e-f968-45d9-bc7a-72c454a11a7f" Percentage="1" Type="Microsoft.VisualStudio.TestTools.WebStress.DeclarativeWebTestElement, Microsoft.VisualStudio.QualityTools.LoadTest, Version=15.0.0.0, Culture=neutral, PublicKeyToken=b03f5f7f11d50a3a" />
          </TestMix>
          <BrowserMix>
            <BrowserProfile Percentage="100">
              <Browser Name="Chrome 2" MaxConnections="6">
                <Headers>
                  <Header Name="User-Agent" Value="Mozilla/5.0 (Windows; U; Windows NT 5.1;) AppleWebKit/530.1 (KHTML, like Gecko) Chrome/2.0.169.1 Safari/530.1" />
                  <Header Name="Accept" Value="*/*" />
                  <Header Name="Accept-Language" Value="{{$IEAcceptLanguage}}" />
                  <Header Name="Accept-Encoding" Value="gzip,deflate" />
                  <Header Name="Accept-Charset" Value="ISO-8859-1,*,utf-8" />
                </Headers>
              </Browser>
            </BrowserProfile>
          </BrowserMix>
          <NetworkMix>
            <NetworkProfile Percentage="100">
              <Network Name="LAN" BandwidthInKbps="1000000" NetworkProfileConfigurationXml="&lt;Emulation&gt;&lt;VirtualChannel name=&quot;defaultChannel&quot;&gt;&lt;FilterList/&gt;&lt;VirtualLink instances=&quot;1&quot; name=&quot;defaultLink&quot;&gt;&lt;LinkRule dir=&quot;upstream&quot;&gt;&lt;Bandwidth&gt;&lt;Speed unit=&quot;kbps&quot;&gt;1000000&lt;/Speed&gt;&lt;/Bandwidth&gt;&lt;/LinkRule&gt;&lt;LinkRule dir=&quot;downstream&quot;&gt;&lt;Bandwidth&gt;&lt;Speed unit=&quot;kbps&quot;&gt;1000000&lt;/Speed&gt;&lt;/Bandwidth&gt;&lt;/LinkRule&gt;&lt;/VirtualLink&gt;&lt;/VirtualChannel&gt;&lt;/Emulation&gt;" />
            </NetworkProfile>
          </NetworkMix>
        </Scenario>
      </Scenarios>
      <CounterSets>
        <CounterSet Name="DOTNET" CounterSetType="LoadTest" LocId="">
          <CounterCategories>
            <CounterCategory Name="LoadTest:Scenario">
              <Counters>
                <Counter Name="User Load" HigherIsBetter="true" />
                <Counter Name="Tests Running" HigherIsBetter="true" />
              </Counters>
            </CounterCategory>
            <CounterCategory Name="LoadTest:Test">
              <Counters>
                <Counter Name="Total Tests" HigherIsBetter="true" />
                <Counter Name="Passed Tests" HigherIsBetter="true" />
                <Counter Name="Failed Tests" />
                <Counter Name="Tests/Sec" HigherIsBetter="true" />
                <Counter Name="Passed Tests/Sec" HigherIsBetter="true" />
                <Counter Name="Failed Tests/Sec" />
                <Counter Name="Avg. Requests/Test" HigherIsBetter="true" />
                <Counter Name="Avg. Test Time" />
                <Counter Name="% Time in LoadTestPlugin" />
                <Counter Name="% Time in WebTest code" />
                <Counter Name="% Time in Rules" />
              </Counters>
            </CounterCategory>
            <CounterCategory Name="LoadTest:Transaction">
              <Counters>
                <Counter Name="Total Transactions" HigherIsBetter="true" />
                <Counter Name="Avg. Transaction Time" />
                <Counter Name="Avg. Response Time" />
                <Counter Name="Transactions/Sec" HigherIsBetter="true" />
              </Counters>
            </CounterCategory>
            <CounterCategory Name="LoadTest:Errors">
              <Counters>
                <Counter Name="Http Errors" />
                <Counter Name="Validation Rule Errors" />
                <Counter Name="Extraction Rule Errors" />
                <Counter Name="Requests Timed Out" />
                <Counter Name="Exceptions" />
                <Counter Name="Total Errors" />
                <Counter Name="Errors/Sec" />
                <Counter Name="Threshold Violations/Sec" />
              </Counters>
            </CounterCategory>
            <CounterCategory Name="LoadTest:Page">
              <Counters>
                <Counter Name="Total Pages" HigherIsBetter="true" />
                <Counter Name="Avg. Page Time" />
                <Counter Name="Page Response Time Goal" HigherIsBetter="true" />
                <Counter Name="% Pages Meeting Goal" HigherIsBetter="true" />
                <Counter Name="Pages/Sec" HigherIsBetter="true" />
              </Counters>
            </CounterCategory>
            <CounterCategory Name="LoadTest:Request">
              <Counters>
                <Counter Name="Total Requests" HigherIsBetter="true" />
                <Counter Name="Passed Requests" HigherIsBetter="true" />
                <Counter Name="Failed Requests" />
                <Counter Name="Cached Requests" HigherIsBetter="true" />
                <Counter Name="Requests/Sec" HigherIsBetter="true" />
                <Counter Name="Passed Requests/Sec" HigherIsBetter="true" />
                <Counter Name="Failed Requests/Sec" />
                <Counter Name="Avg. First Byte Time" />
                <Counter Name="Avg. Response Time" />
                <Counter Name="Avg. Connection Wait Time">
                  <ThresholdRules>
                    <ThresholdRule Classname="Microsoft.VisualStudio.TestTools.WebStress.Rules.ThresholdRuleCompareCounters, Microsoft.VisualStudio.QualityTools.LoadTest, Version=15.0.0.0, Culture=neutral, PublicKeyToken=b03f5f7f11d50a3a">
                      <RuleParameters>
                        <RuleParameter Name="DependentCategory" Value="LoadTest:Page" />
                        <RuleParameter Name="DependentCounter" Value="Avg. Page Time" />
                        <RuleParameter Name="DependentInstance" Value="_Total" />
                        <RuleParameter Name="AlertIfOver" Value="True" />
                        <RuleParameter Name="WarningThreshold" Value="0.25" />
                        <RuleParameter Name="CriticalThreshold" Value="0.5" />
                      </RuleParameters>
                    </ThresholdRule>
                  </ThresholdRules>
                </Counter>
                <Counter Name="Avg. Content Length" />
              </Counters>
            </CounterCategory>
            <CounterCategory Name="LoadTest:LogEntries">
              <Counters>
                <Counter Name="Total Log Entries" />
                <Counter Name="Log Entries/Sec" />
              </Counters>
            </CounterCategory>
          </CounterCategories>
        </CounterSet>
        <CounterSet Name="Controller" CounterSetType="Controller" LocId="CounterSet_Controller">
          <CounterCategories>
            <CounterCategory Name="Memory">
              <Counters>
                <Counter Name="% Committed Bytes In Use" Range="100" />
                <Counter Name="Available MBytes" RangeGroup="Memory Bytes" HigherIsBetter="true">
                  <ThresholdRules>
                    <ThresholdRule Classname="Microsoft.VisualStudio.TestTools.WebStress.Rules.ThresholdRuleCompareConstant, Microsoft.VisualStudio.QualityTools.LoadTest">
                      <RuleParameters>
                        <RuleParameter Name="AlertIfOver" Value="False" />
                        <RuleParameter Name="WarningThreshold" Value="100" />
                        <RuleParameter Name="CriticalThreshold" Value="50" />
                      </RuleParameters>
                    </ThresholdRule>
                    <ThresholdRule Classname="Microsoft.VisualStudio.TestTools.WebStress.Rules.ThresholdRuleCompareConstant, Microsoft.VisualStudio.QualityTools.LoadTest">
                      <RuleParameters>
                        <RuleParameter Name="AlertIfOver" Value="False" />
                        <RuleParameter Name="WarningThreshold" Value="100" />
                        <RuleParameter Name="CriticalThreshold" Value="50" />
                      </RuleParameters>
                    </ThresholdRule>
                  </ThresholdRules>
                </Counter>
                <Counter Name="Page Faults/sec" />
                <Counter Name="Pages/sec" />
                <Counter Name="Pool Paged Bytes" RangeGroup="Memory Bytes" />
                <Counter Name="Pool Nonpaged bytes" RangeGroup="Memory Bytes" />
              </Counters>
            </CounterCategory>
            <CounterCategory Name="Network Interface">
              <Counters>
                <Counter Name="Bytes Received/sec" RangeGroup="Network Bytes" />
                <Counter Name="Bytes Sent/sec" RangeGroup="Network Bytes" />
                <Counter Name="Output Queue Length">
                  <ThresholdRules>
                    <ThresholdRule Classname="Microsoft.VisualStudio.TestTools.WebStress.Rules.ThresholdRuleCompareConstant, Microsoft.VisualStudio.QualityTools.LoadTest">
                      <RuleParameters>
                        <RuleParameter Name="AlertIfOver" Value="True" />
                        <RuleParameter Name="WarningThreshold" Value="1.5" />
                        <RuleParameter Name="CriticalThreshold" Value="2" />
                      </RuleParameters>
                    </ThresholdRule>
                    <ThresholdRule Classname="Microsoft.VisualStudio.TestTools.WebStress.Rules.ThresholdRuleCompareConstant, Microsoft.VisualStudio.QualityTools.LoadTest">
                      <RuleParameters>
                        <RuleParameter Name="AlertIfOver" Value="True" />
                        <RuleParameter Name="WarningThreshold" Value="1.5" />
                        <RuleParameter Name="CriticalThreshold" Value="2" />
                      </RuleParameters>
                    </ThresholdRule>
                  </ThresholdRules>
                </Counter>
                <Counter Name="Packets Received/sec" RangeGroup="Network Packets" />
                <Counter Name="Packets Sent/sec" RangeGroup="Network Packets" />
                <Counter Name="Current Bandwidth" RangeGroup="Network Bytes" />
                <Counter Name="Bytes Total/sec" RangeGroup="Network Bytes">
                  <ThresholdRules>
                    <ThresholdRule Classname="Microsoft.VisualStudio.TestTools.WebStress.Rules.ThresholdRuleCompareCounters, Microsoft.VisualStudio.QualityTools.LoadTest, Version=15.0.0.0, Culture=neutral, PublicKeyToken=b03f5f7f11d50a3a">
                      <RuleParameters>
                        <RuleParameter Name="DependentCategory" Value="Network Interface" />
                        <RuleParameter Name="DependentCounter" Value="Current Bandwidth" />
                        <RuleParameter Name="DependentInstance" Value="" />
                        <RuleParameter Name="AlertIfOver" Value="True" />
                        <RuleParameter Name="WarningThreshold" Value="0.6" />
                        <RuleParameter Name="CriticalThreshold" Value="0.7" />
                      </RuleParameters>
                    </ThresholdRule>
                    <ThresholdRule Classname="Microsoft.VisualStudio.TestTools.WebStress.Rules.ThresholdRuleCompareCounters, Microsoft.VisualStudio.QualityTools.LoadTest, Version=15.0.0.0, Culture=neutral, PublicKeyToken=b03f5f7f11d50a3a">
                      <RuleParameters>
                        <RuleParameter Name="DependentCategory" Value="Network Interface" />
                        <RuleParameter Name="DependentCounter" Value="Current Bandwidth" />
                        <RuleParameter Name="DependentInstance" Value="" />
                        <RuleParameter Name="AlertIfOver" Value="True" />
                        <RuleParameter Name="WarningThreshold" Value="0.6" />
                        <RuleParameter Name="CriticalThreshold" Value="0.7" />
                      </RuleParameters>
                    </ThresholdRule>
                  </ThresholdRules>
                </Counter>
              </Counters>
              <Instances>
                <Instance Name="*" />
              </Instances>
            </CounterCategory>
            <CounterCategory Name="PhysicalDisk">
              <Counters>
                <Counter Name="% Disk Read Time" Range="100" />
                <Counter Name="% Disk Time" Range="100" />
                <Counter Name="% Disk Write Time" Range="100" />
                <Counter Name="% Idle Time" Range="100" HigherIsBetter="true">
                  <ThresholdRules>
                    <ThresholdRule Classname="Microsoft.VisualStudio.TestTools.WebStress.Rules.ThresholdRuleCompareConstant, Microsoft.VisualStudio.QualityTools.LoadTest">
                      <RuleParameters>
                        <RuleParameter Name="AlertIfOver" Value="False" />
                        <RuleParameter Name="WarningThreshold" Value="40" />
                        <RuleParameter Name="CriticalThreshold" Value="20" />
                      </RuleParameters>
                    </ThresholdRule>
                    <ThresholdRule Classname="Microsoft.VisualStudio.TestTools.WebStress.Rules.ThresholdRuleCompareConstant, Microsoft.VisualStudio.QualityTools.LoadTest">
                      <RuleParameters>
                        <RuleParameter Name="AlertIfOver" Value="False" />
                        <RuleParameter Name="WarningThreshold" Value="40" />
                        <RuleParameter Name="CriticalThreshold" Value="20" />
                      </RuleParameters>
                    </ThresholdRule>
                  </ThresholdRules>
                </Counter>
                <Counter Name="Avg. Disk Bytes/Read" RangeGroup="DiskBytesRate" />
                <Counter Name="Avg. Disk Bytes/Transfer" RangeGroup="DiskBytesRate" />
                <Counter Name="Avg. Disk Bytes/Write" RangeGroup="DiskBytesRate" />
                <Counter Name="Avg. Disk Queue Length" RangeGroup="Disk Queue Length" />
                <Counter Name="Avg. Disk Read Queue Length" RangeGroup="Disk Queue Length" />
                <Counter Name="Avg. Disk Write Queue Length" RangeGroup="Disk Queue Length" />
                <Counter Name="Current Disk Queue Length" RangeGroup="Disk Queue Length" />
                <Counter Name="Avg. Disk sec/Read" RangeGroup="Disk sec" />
                <Counter Name="Avg. Disk sec/Transfer" RangeGroup="Disk sec" />
                <Counter Name="Avg. Disk sec/Write" RangeGroup="Disk sec" />
                <Counter Name="Disk Bytes/sec" RangeGroup="Disk Bytes sec" />
                <Counter Name="Disk Read Bytes/sec" RangeGroup="Disk Bytes sec" />
                <Counter Name="Disk Reads/sec" RangeGroup="Disk Transfers sec" />
                <Counter Name="Disk Transfers/sec" RangeGroup="Disk Transfers sec" />
                <Counter Name="Disk Write Bytes/sec" RangeGroup="Disk Bytes sec" />
                <Counter Name="Disk Writes/sec" RangeGroup="Disk Transfers sec" />
                <Counter Name="Split IO/Sec" RangeGroup="Disk Transfers sec" />
              </Counters>
              <Instances>
                <Instance Name="*" />
              </Instances>
            </CounterCategory>
            <CounterCategory Name="Processor">
              <Counters>
                <Counter Name="% Processor Time" Range="100">
                  <ThresholdRules>
                    <ThresholdRule Classname="Microsoft.VisualStudio.TestTools.WebStress.Rules.ThresholdRuleCompareConstant, Microsoft.VisualStudio.QualityTools.LoadTest">
                      <RuleParameters>
                        <RuleParameter Name="AlertIfOver" Value="True" />
                        <RuleParameter Name="WarningThreshold" Value="75" />
                        <RuleParameter Name="CriticalThreshold" Value="90" />
                      </RuleParameters>
                    </ThresholdRule>
                    <ThresholdRule Classname="Microsoft.VisualStudio.TestTools.WebStress.Rules.ThresholdRuleCompareConstant, Microsoft.VisualStudio.QualityTools.LoadTest">
                      <RuleParameters>
                        <RuleParameter Name="AlertIfOver" Value="True" />
                        <RuleParameter Name="WarningThreshold" Value="75" />
                        <RuleParameter Name="CriticalThreshold" Value="90" />
                      </RuleParameters>
                    </ThresholdRule>
                  </ThresholdRules>
                </Counter>
                <Counter Name="% Privileged Time" Range="100" />
                <Counter Name="% User Time" Range="100" />
              </Counters>
              <Instances>
                <Instance Name="_Total" />
              </Instances>
            </CounterCategory>
            <CounterCategory Name="System">
              <Counters>
                <Counter Name="Context Switches/sec" />
                <Counter Name="Processes" />
                <Counter Name="Processor Queue Length" />
                <Counter Name="Threads" />
              </Counters>
            </CounterCategory>
            <CounterCategory Name="Process">
              <Counters>
                <Counter Name="% Processor Time" RangeGroup="Processor Time" />
                <Counter Name="% Privileged Time" RangeGroup="Processor Time" />
                <Counter Name="% User Time" RangeGroup="Processor Time" />
                <Counter Name="Handle Count" />
                <Counter Name="Thread Count" />
                <Counter Name="Private Bytes" RangeGroup="Memory Bytes" />
                <Counter Name="Virtual Bytes" RangeGroup="Memory Bytes" />
                <Counter Name="Working Set" RangeGroup="Memory Bytes" />
              </Counters>
              <Instances>
                <Instance Name="QTController" />
                <Instance Name="QTController64" />
              </Instances>
            </CounterCategory>
          </CounterCategories>
          <DefaultCountersForAutomaticGraphs>
            <DefaultCounter CategoryName="Processor" CounterName="% Processor Time" InstanceName="_Total" GraphName="" />
            <DefaultCounter CategoryName="Memory" CounterName="Available MBytes" InstanceName="" GraphName="" />
          </DefaultCountersForAutomaticGraphs>
        </CounterSet>
        <CounterSet Name="Agent" CounterSetType="Agent" LocId="CounterSet_Agent">
          <CounterCategories>
            <CounterCategory Name="Memory">
              <Counters>
                <Counter Name="% Committed Bytes In Use" Range="100" />
                <Counter Name="Available MBytes" RangeGroup="Memory Bytes" HigherIsBetter="true">
                  <ThresholdRules>
                    <ThresholdRule Classname="Microsoft.VisualStudio.TestTools.WebStress.Rules.ThresholdRuleCompareConstant, Microsoft.VisualStudio.QualityTools.LoadTest">
                      <RuleParameters>
                        <RuleParameter Name="AlertIfOver" Value="False" />
                        <RuleParameter Name="WarningThreshold" Value="100" />
                        <RuleParameter Name="CriticalThreshold" Value="50" />
                      </RuleParameters>
                    </ThresholdRule>
                  </ThresholdRules>
                </Counter>
                <Counter Name="Page Faults/sec" />
                <Counter Name="Pages/sec" />
                <Counter Name="Pool Paged Bytes" RangeGroup="Memory Bytes" />
                <Counter Name="Pool Nonpaged bytes" RangeGroup="Memory Bytes" />
              </Counters>
            </CounterCategory>
            <CounterCategory Name="Network Interface">
              <Counters>
                <Counter Name="Bytes Received/sec" RangeGroup="Network Bytes" />
                <Counter Name="Bytes Sent/sec" RangeGroup="Network Bytes" />
                <Counter Name="Output Queue Length">
                  <ThresholdRules>
                    <ThresholdRule Classname="Microsoft.VisualStudio.TestTools.WebStress.Rules.ThresholdRuleCompareConstant, Microsoft.VisualStudio.QualityTools.LoadTest">
                      <RuleParameters>
                        <RuleParameter Name="AlertIfOver" Value="True" />
                        <RuleParameter Name="WarningThreshold" Value="1.5" />
                        <RuleParameter Name="CriticalThreshold" Value="2" />
                      </RuleParameters>
                    </ThresholdRule>
                  </ThresholdRules>
                </Counter>
                <Counter Name="Packets Received/sec" RangeGroup="Network Packets" />
                <Counter Name="Packets Sent/sec" RangeGroup="Network Packets" />
                <Counter Name="Current Bandwidth" RangeGroup="Network Bytes" />
                <Counter Name="Bytes Total/sec" RangeGroup="Network Bytes">
                  <ThresholdRules>
                    <ThresholdRule Classname="Microsoft.VisualStudio.TestTools.WebStress.Rules.ThresholdRuleCompareCounters, Microsoft.VisualStudio.QualityTools.LoadTest, Version=15.0.0.0, Culture=neutral, PublicKeyToken=b03f5f7f11d50a3a">
                      <RuleParameters>
                        <RuleParameter Name="DependentCategory" Value="Network Interface" />
                        <RuleParameter Name="DependentCounter" Value="Current Bandwidth" />
                        <RuleParameter Name="DependentInstance" Value="" />
                        <RuleParameter Name="AlertIfOver" Value="True" />
                        <RuleParameter Name="WarningThreshold" Value="0.6" />
                        <RuleParameter Name="CriticalThreshold" Value="0.7" />
                      </RuleParameters>
                    </ThresholdRule>
                  </ThresholdRules>
                </Counter>
              </Counters>
              <Instances>
                <Instance Name="*" />
              </Instances>
            </CounterCategory>
            <CounterCategory Name="PhysicalDisk">
              <Counters>
                <Counter Name="% Disk Read Time" Range="100" />
                <Counter Name="% Disk Time" Range="100" />
                <Counter Name="% Disk Write Time" Range="100" />
                <Counter Name="% Idle Time" Range="100" HigherIsBetter="true">
                  <ThresholdRules>
                    <ThresholdRule Classname="Microsoft.VisualStudio.TestTools.WebStress.Rules.ThresholdRuleCompareConstant, Microsoft.VisualStudio.QualityTools.LoadTest">
                      <RuleParameters>
                        <RuleParameter Name="AlertIfOver" Value="False" />
                        <RuleParameter Name="WarningThreshold" Value="40" />
                        <RuleParameter Name="CriticalThreshold" Value="20" />
                      </RuleParameters>
                    </ThresholdRule>
                  </ThresholdRules>
                </Counter>
                <Counter Name="Avg. Disk Bytes/Read" RangeGroup="DiskBytesRate" />
                <Counter Name="Avg. Disk Bytes/Transfer" RangeGroup="DiskBytesRate" />
                <Counter Name="Avg. Disk Bytes/Write" RangeGroup="DiskBytesRate" />
                <Counter Name="Avg. Disk Queue Length" RangeGroup="Disk Queue Length" />
                <Counter Name="Avg. Disk Read Queue Length" RangeGroup="Disk Queue Length" />
                <Counter Name="Avg. Disk Write Queue Length" RangeGroup="Disk Queue Length" />
                <Counter Name="Current Disk Queue Length" RangeGroup="Disk Queue Length" />
                <Counter Name="Avg. Disk sec/Read" RangeGroup="Disk sec" />
                <Counter Name="Avg. Disk sec/Transfer" RangeGroup="Disk sec" />
                <Counter Name="Avg. Disk sec/Write" RangeGroup="Disk sec" />
                <Counter Name="Disk Bytes/sec" RangeGroup="Disk Bytes sec" />
                <Counter Name="Disk Read Bytes/sec" RangeGroup="Disk Bytes sec" />
                <Counter Name="Disk Reads/sec" RangeGroup="Disk Transfers sec" />
                <Counter Name="Disk Transfers/sec" RangeGroup="Disk Transfers sec" />
                <Counter Name="Disk Write Bytes/sec" RangeGroup="Disk Bytes sec" />
                <Counter Name="Disk Writes/sec" RangeGroup="Disk Transfers sec" />
                <Counter Name="Split IO/Sec" RangeGroup="Disk Transfers sec" />
              </Counters>
              <Instances>
                <Instance Name="*" />
              </Instances>
            </CounterCategory>
            <CounterCategory Name="Processor">
              <Counters>
                <Counter Name="% Processor Time" Range="100">
                  <ThresholdRules>
                    <ThresholdRule Classname="Microsoft.VisualStudio.TestTools.WebStress.Rules.ThresholdRuleCompareConstant, Microsoft.VisualStudio.QualityTools.LoadTest">
                      <RuleParameters>
                        <RuleParameter Name="AlertIfOver" Value="True" />
                        <RuleParameter Name="WarningThreshold" Value="75" />
                        <RuleParameter Name="CriticalThreshold" Value="90" />
                      </RuleParameters>
                    </ThresholdRule>
                  </ThresholdRules>
                </Counter>
                <Counter Name="% Privileged Time" Range="100" />
                <Counter Name="% User Time" Range="100" />
              </Counters>
              <Instances>
                <Instance Name="0" />
                <Instance Name="_Total" />
              </Instances>
            </CounterCategory>
            <CounterCategory Name="System">
              <Counters>
                <Counter Name="Context Switches/sec" />
                <Counter Name="Processes" />
                <Counter Name="Processor Queue Length" />
                <Counter Name="Threads" />
              </Counters>
            </CounterCategory>
            <CounterCategory Name="Process">
              <Counters>
                <Counter Name="% Processor Time" RangeGroup="Processor Time" />
                <Counter Name="% Privileged Time" RangeGroup="Processor Time" />
                <Counter Name="% User Time" RangeGroup="Processor Time" />
                <Counter Name="Handle Count" />
                <Counter Name="Thread Count" />
                <Counter Name="Private Bytes" RangeGroup="Memory Bytes" />
                <Counter Name="Virtual Bytes" RangeGroup="Memory Bytes" />
                <Counter Name="Working Set" RangeGroup="Memory Bytes" />
              </Counters>
              <Instances>
                <Instance Name="devenv" />
                <Instance Name="QTAgentService" />
                <Instance Name="QTAgent" />
                <Instance Name="QTAgent32" />
                <Instance Name="QTDCAgent" />
                <Instance Name="QTDCAgent32" />
                <Instance Name="QTAgent_35" />
                <Instance Name="QTAgent_40" />
                <Instance Name="QTAgent32_35" />
                <Instance Name="QTAgent32_40" />
              </Instances>
            </CounterCategory>
          </CounterCategories>
          <DefaultCountersForAutomaticGraphs>
            <DefaultCounter CategoryName="Processor" CounterName="% Processor Time" InstanceName="0" GraphName="" RunType="Local" />
            <DefaultCounter CategoryName="Processor" CounterName="% Processor Time" InstanceName="_Total" GraphName="" RunType="Remote" />
            <DefaultCounter CategoryName="Memory" CounterName="Available MBytes" InstanceName="" GraphName="" />
          </DefaultCountersForAutomaticGraphs>
        </CounterSet>
      </CounterSets>
      <RunConfigurations>
        <RunConfiguration Name="Run Settings1" Description="" ResultsStoreType="Database" TimingDetailsStorage="AllIndividualDetails" SaveTestLogsOnError="true" SaveTestLogsFrequency="0" MaxErrorDetails="200" MaxErrorsPerType="1000" MaxThresholdViolations="1000" MaxRequestUrlsReported="1000" UseTestIterations="false" RunDuration="300" WarmupTime="0" CoolDownTime="0" TestIterations="100" WebTestConnectionModel="ConnectionPerUser" WebTestConnectionPoolSize="50" SampleRate="15" ValidationLevel="High" SqlTracingConnectString="" SqlTracingConnectStringDisplayValue="" SqlTracingDirectory="" SqlTracingEnabled="false" SqlTracingFileCount="2" SqlTracingRolloverEnabled="true" SqlTracingMinimumDuration="500" RunUnitTestsInAppDomain="true" CoreCount="0" ResourcesRetentionTimeInMinutes="0" AgentDiagnosticsLevel="Warning">
          <CounterSetMappings>
            <CounterSetMapping ComputerName="[CONTROLLER MACHINE]">
              <CounterSetReferences>
                <CounterSetReference CounterSetName="LoadTest" />
                <CounterSetReference CounterSetName="Controller" />
              </CounterSetReferences>
            </CounterSetMapping>
            <CounterSetMapping ComputerName="[AGENT MACHINES]">
              <CounterSetReferences>
                <CounterSetReference CounterSetName="Agent" />
              </CounterSetReferences>
            </CounterSetMapping>
          </CounterSetMappings>
          <LoadGeneratorLocations>
            <GeoLocation Location="Default" Percentage="100" />
          </LoadGeneratorLocations>
        </RunConfiguration>
      </RunConfigurations>
    </LoadTest>
    <UnitTest name="TestUpdateProject_NoProjectAsParameter" storage="c:\users\administrator\desktop\sba-exercise\server\projectmanagement\projectmanagement.tests\bin\debug\projectmanagement.tests.dll" id="97b25215-8410-27f6-7b38-1fdf47f5c0e4">
      <TestMethod codeBase="C:/Users/Administrator/Desktop/sba-exercise/server/ProjectManagement/ProjectManagement.Tests/bin/Debug/ProjectManagement.Tests.DLL" adapterTypeName="Microsoft.VisualStudio.TestTools.TestTypes.Unit.UnitTestAdapter, Microsoft.VisualStudio.QualityTools.Tips.UnitTest.Adapter, Version=15.0.0.0, Culture=neutral, PublicKeyToken=b03f5f7f11d50a3a" className="ProjectManagement.Test.ProjectControllerTest, ProjectManagement.Tests, Version=1.0.0.0, Culture=neutral, PublicKeyToken=null" name="TestUpdateProject_NoProjectAsParameter" />
    </UnitTest>
    <UnitTest name="TestInsertProject_NegativeProjectId" storage="c:\users\administrator\desktop\sba-exercise\server\projectmanagement\projectmanagement.tests\bin\debug\projectmanagement.tests.dll" id="c3ac4f12-d695-2654-8149-3228dcd5844d">
      <TestMethod codeBase="C:/Users/Administrator/Desktop/sba-exercise/server/ProjectManagement/ProjectManagement.Tests/bin/Debug/ProjectManagement.Tests.DLL" adapterTypeName="Microsoft.VisualStudio.TestTools.TestTypes.Unit.UnitTestAdapter, Microsoft.VisualStudio.QualityTools.Tips.UnitTest.Adapter, Version=15.0.0.0, Culture=neutral, PublicKeyToken=b03f5f7f11d50a3a" className="ProjectManagement.Test.ProjectControllerTest, ProjectManagement.Tests, Version=1.0.0.0, Culture=neutral, PublicKeyToken=null" name="TestInsertProject_NegativeProjectId" />
    </UnitTest>
    <UnitTest name="TestUpdateProject_NegativeProjectIdInUser" storage="c:\users\administrator\desktop\sba-exercise\server\projectmanagement\projectmanagement.tests\bin\debug\projectmanagement.tests.dll" id="4955df02-4758-a74e-3bee-39ea6b8d0491">
      <TestMethod codeBase="C:/Users/Administrator/Desktop/sba-exercise/server/ProjectManagement/ProjectManagement.Tests/bin/Debug/ProjectManagement.Tests.DLL" adapterTypeName="Microsoft.VisualStudio.TestTools.TestTypes.Unit.UnitTestAdapter, Microsoft.VisualStudio.QualityTools.Tips.UnitTest.Adapter, Version=15.0.0.0, Culture=neutral, PublicKeyToken=b03f5f7f11d50a3a" className="ProjectManagement.Test.ProjectControllerTest, ProjectManagement.Tests, Version=1.0.0.0, Culture=neutral, PublicKeyToken=null" name="TestUpdateProject_NegativeProjectIdInUser" />
    </UnitTest>
    <UnitTest name="TestUpdateTask_NullTaskObject" storage="c:\users\administrator\desktop\sba-exercise\server\projectmanagement\projectmanagement.tests\bin\debug\projectmanagement.tests.dll" id="5581a195-3002-c130-2ef2-2a672b9f7eb3">
      <TestMethod codeBase="C:/Users/Administrator/Desktop/sba-exercise/server/ProjectManagement/ProjectManagement.Tests/bin/Debug/ProjectManagement.Tests.DLL" adapterTypeName="Microsoft.VisualStudio.TestTools.TestTypes.Unit.UnitTestAdapter, Microsoft.VisualStudio.QualityTools.Tips.UnitTest.Adapter, Version=15.0.0.0, Culture=neutral, PublicKeyToken=b03f5f7f11d50a3a" className="ProjectManagement.Test.TaskControllerTest, ProjectManagement.Tests, Version=1.0.0.0, Culture=neutral, PublicKeyToken=null" name="TestUpdateTask_NullTaskObject" />
    </UnitTest>
    <UnitTest name="TestDeleteProject_NegativeProjectId" storage="c:\users\administrator\desktop\sba-exercise\server\projectmanagement\projectmanagement.tests\bin\debug\projectmanagement.tests.dll" id="af40eb08-6e35-1f9e-1137-e26eaead46db">
      <TestMethod codeBase="C:/Users/Administrator/Desktop/sba-exercise/server/ProjectManagement/ProjectManagement.Tests/bin/Debug/ProjectManagement.Tests.DLL" adapterTypeName="Microsoft.VisualStudio.TestTools.TestTypes.Unit.UnitTestAdapter, Microsoft.VisualStudio.QualityTools.Tips.UnitTest.Adapter, Version=15.0.0.0, Culture=neutral, PublicKeyToken=b03f5f7f11d50a3a" className="ProjectManagement.Test.ProjectControllerTest, ProjectManagement.Tests, Version=1.0.0.0, Culture=neutral, PublicKeyToken=null" name="TestDeleteProject_NegativeProjectId" />
    </UnitTest>
    <UnitTest name="TestDeleteUser_NegativeUserIdFormat" storage="c:\users\administrator\desktop\sba-exercise\server\projectmanagement\projectmanagement.tests\bin\debug\projectmanagement.tests.dll" id="cb28244f-e99b-f9a9-d562-960aff079cb3">
      <TestMethod codeBase="C:/Users/Administrator/Desktop/sba-exercise/server/ProjectManagement/ProjectManagement.Tests/bin/Debug/ProjectManagement.Tests.DLL" adapterTypeName="Microsoft.VisualStudio.TestTools.TestTypes.Unit.UnitTestAdapter, Microsoft.VisualStudio.QualityTools.Tips.UnitTest.Adapter, Version=15.0.0.0, Culture=neutral, PublicKeyToken=b03f5f7f11d50a3a" className="ProjectManagement.Test.UserControllerTest, ProjectManagement.Tests, Version=1.0.0.0, Culture=neutral, PublicKeyToken=null" name="TestDeleteUser_NegativeUserIdFormat" />
    </UnitTest>
    <UnitTest name="TestUpdateUser_InvalidProjectIdFormat" storage="c:\users\administrator\desktop\sba-exercise\server\projectmanagement\projectmanagement.tests\bin\debug\projectmanagement.tests.dll" id="19977303-04aa-7495-f9d3-335538a26b9e">
      <TestMethod codeBase="C:/Users/Administrator/Desktop/sba-exercise/server/ProjectManagement/ProjectManagement.Tests/bin/Debug/ProjectManagement.Tests.DLL" adapterTypeName="Microsoft.VisualStudio.TestTools.TestTypes.Unit.UnitTestAdapter, Microsoft.VisualStudio.QualityTools.Tips.UnitTest.Adapter, Version=15.0.0.0, Culture=neutral, PublicKeyToken=b03f5f7f11d50a3a" className="ProjectManagement.Test.UserControllerTest, ProjectManagement.Tests, Version=1.0.0.0, Culture=neutral, PublicKeyToken=null" name="TestUpdateUser_InvalidProjectIdFormat" />
    </UnitTest>
    <UnitTest name="TestInsertTask_NegativeProjectId" storage="c:\users\administrator\desktop\sba-exercise\server\projectmanagement\projectmanagement.tests\bin\debug\projectmanagement.tests.dll" id="c9b6c281-eb84-cd88-ab0e-5989ec4ee99d">
      <TestMethod codeBase="C:/Users/Administrator/Desktop/sba-exercise/server/ProjectManagement/ProjectManagement.Tests/bin/Debug/ProjectManagement.Tests.DLL" adapterTypeName="Microsoft.VisualStudio.TestTools.TestTypes.Unit.UnitTestAdapter, Microsoft.VisualStudio.QualityTools.Tips.UnitTest.Adapter, Version=15.0.0.0, Culture=neutral, PublicKeyToken=b03f5f7f11d50a3a" className="ProjectManagement.Test.TaskControllerTest, ProjectManagement.Tests, Version=1.0.0.0, Culture=neutral, PublicKeyToken=null" name="TestInsertTask_NegativeProjectId" />
    </UnitTest>
    <UnitTest name="TestInsertTasks_Success" storage="c:\users\administrator\desktop\sba-exercise\server\projectmanagement\projectmanagement.tests\bin\debug\projectmanagement.tests.dll" id="b6353e8e-0c77-c68a-e57d-7a828d2964fb">
      <TestMethod codeBase="C:/Users/Administrator/Desktop/sba-exercise/server/ProjectManagement/ProjectManagement.Tests/bin/Debug/ProjectManagement.Tests.DLL" adapterTypeName="Microsoft.VisualStudio.TestTools.TestTypes.Unit.UnitTestAdapter, Microsoft.VisualStudio.QualityTools.Tips.UnitTest.Adapter, Version=15.0.0.0, Culture=neutral, PublicKeyToken=b03f5f7f11d50a3a" className="ProjectManagement.Test.TaskControllerTest, ProjectManagement.Tests, Version=1.0.0.0, Culture=neutral, PublicKeyToken=null" name="TestInsertTasks_Success" />
    </UnitTest>
    <UnitTest name="TestUpdateTask_NegativeProjectId" storage="c:\users\administrator\desktop\sba-exercise\server\projectmanagement\projectmanagement.tests\bin\debug\projectmanagement.tests.dll" id="b68780a3-fa27-287e-d35f-fe196091bed3">
      <TestMethod codeBase="C:/Users/Administrator/Desktop/sba-exercise/server/ProjectManagement/ProjectManagement.Tests/bin/Debug/ProjectManagement.Tests.DLL" adapterTypeName="Microsoft.VisualStudio.TestTools.TestTypes.Unit.UnitTestAdapter, Microsoft.VisualStudio.QualityTools.Tips.UnitTest.Adapter, Version=15.0.0.0, Culture=neutral, PublicKeyToken=b03f5f7f11d50a3a" className="ProjectManagement.Test.TaskControllerTest, ProjectManagement.Tests, Version=1.0.0.0, Culture=neutral, PublicKeyToken=null" name="TestUpdateTask_NegativeProjectId" />
    </UnitTest>
    <UnitTest name="TestDeleteProjects_Success" storage="c:\users\administrator\desktop\sba-exercise\server\projectmanagement\projectmanagement.tests\bin\debug\projectmanagement.tests.dll" id="cfa67afc-affd-cfcf-0fc8-3f3d812e8ea3">
      <TestMethod codeBase="C:/Users/Administrator/Desktop/sba-exercise/server/ProjectManagement/ProjectManagement.Tests/bin/Debug/ProjectManagement.Tests.DLL" adapterTypeName="Microsoft.VisualStudio.TestTools.TestTypes.Unit.UnitTestAdapter, Microsoft.VisualStudio.QualityTools.Tips.UnitTest.Adapter, Version=15.0.0.0, Culture=neutral, PublicKeyToken=b03f5f7f11d50a3a" className="ProjectManagement.Test.TaskControllerTest, ProjectManagement.Tests, Version=1.0.0.0, Culture=neutral, PublicKeyToken=null" name="TestDeleteProjects_Success" />
    </UnitTest>
    <UnitTest name="TestInsertTask_NegativeTaskParentId" storage="c:\users\administrator\desktop\sba-exercise\server\projectmanagement\projectmanagement.tests\bin\debug\projectmanagement.tests.dll" id="d2077fe6-886e-c3f8-2ab4-353858453387">
      <TestMethod codeBase="C:/Users/Administrator/Desktop/sba-exercise/server/ProjectManagement/ProjectManagement.Tests/bin/Debug/ProjectManagement.Tests.DLL" adapterTypeName="Microsoft.VisualStudio.TestTools.TestTypes.Unit.UnitTestAdapter, Microsoft.VisualStudio.QualityTools.Tips.UnitTest.Adapter, Version=15.0.0.0, Culture=neutral, PublicKeyToken=b03f5f7f11d50a3a" className="ProjectManagement.Test.TaskControllerTest, ProjectManagement.Tests, Version=1.0.0.0, Culture=neutral, PublicKeyToken=null" name="TestInsertTask_NegativeTaskParentId" />
    </UnitTest>
    <UnitTest name="TestInsertUser_NegativeEmployeeId" storage="c:\users\administrator\desktop\sba-exercise\server\projectmanagement\projectmanagement.tests\bin\debug\projectmanagement.tests.dll" id="f8d19c8a-1b22-5584-6d91-d74ad6fadabb">
      <TestMethod codeBase="C:/Users/Administrator/Desktop/sba-exercise/server/ProjectManagement/ProjectManagement.Tests/bin/Debug/ProjectManagement.Tests.DLL" adapterTypeName="Microsoft.VisualStudio.TestTools.TestTypes.Unit.UnitTestAdapter, Microsoft.VisualStudio.QualityTools.Tips.UnitTest.Adapter, Version=15.0.0.0, Culture=neutral, PublicKeyToken=b03f5f7f11d50a3a" className="ProjectManagement.Test.UserControllerTest, ProjectManagement.Tests, Version=1.0.0.0, Culture=neutral, PublicKeyToken=null" name="TestInsertUser_NegativeEmployeeId" />
    </UnitTest>
    <UnitTest name="TestUpdateTask_NegativeTaskId" storage="c:\users\administrator\desktop\sba-exercise\server\projectmanagement\projectmanagement.tests\bin\debug\projectmanagement.tests.dll" id="99e2893b-b917-5d68-e4ef-31e56efb10d3">
      <TestMethod codeBase="C:/Users/Administrator/Desktop/sba-exercise/server/ProjectManagement/ProjectManagement.Tests/bin/Debug/ProjectManagement.Tests.DLL" adapterTypeName="Microsoft.VisualStudio.TestTools.TestTypes.Unit.UnitTestAdapter, Microsoft.VisualStudio.QualityTools.Tips.UnitTest.Adapter, Version=15.0.0.0, Culture=neutral, PublicKeyToken=b03f5f7f11d50a3a" className="ProjectManagement.Test.TaskControllerTest, ProjectManagement.Tests, Version=1.0.0.0, Culture=neutral, PublicKeyToken=null" name="TestUpdateTask_NegativeTaskId" />
    </UnitTest>
    <UnitTest name="TestInsertUser_InvalidProjectIdFormat" storage="c:\users\administrator\desktop\sba-exercise\server\projectmanagement\projectmanagement.tests\bin\debug\projectmanagement.tests.dll" id="6ddf1be2-e668-a171-df99-201604580aec">
      <TestMethod codeBase="C:/Users/Administrator/Desktop/sba-exercise/server/ProjectManagement/ProjectManagement.Tests/bin/Debug/ProjectManagement.Tests.DLL" adapterTypeName="Microsoft.VisualStudio.TestTools.TestTypes.Unit.UnitTestAdapter, Microsoft.VisualStudio.QualityTools.Tips.UnitTest.Adapter, Version=15.0.0.0, Culture=neutral, PublicKeyToken=b03f5f7f11d50a3a" className="ProjectManagement.Test.UserControllerTest, ProjectManagement.Tests, Version=1.0.0.0, Culture=neutral, PublicKeyToken=null" name="TestInsertUser_InvalidProjectIdFormat" />
    </UnitTest>
    <UnitTest name="TestUpdateUser_InvalidEmployeeId" storage="c:\users\administrator\desktop\sba-exercise\server\projectmanagement\projectmanagement.tests\bin\debug\projectmanagement.tests.dll" id="c672a99a-065d-da1a-46dd-6fe60782c1f8">
      <TestMethod codeBase="C:/Users/Administrator/Desktop/sba-exercise/server/ProjectManagement/ProjectManagement.Tests/bin/Debug/ProjectManagement.Tests.DLL" adapterTypeName="Microsoft.VisualStudio.TestTools.TestTypes.Unit.UnitTestAdapter, Microsoft.VisualStudio.QualityTools.Tips.UnitTest.Adapter, Version=15.0.0.0, Culture=neutral, PublicKeyToken=b03f5f7f11d50a3a" className="ProjectManagement.Test.UserControllerTest, ProjectManagement.Tests, Version=1.0.0.0, Culture=neutral, PublicKeyToken=null" name="TestUpdateUser_InvalidEmployeeId" />
    </UnitTest>
    <UnitTest name="TestUpdateUser_Success" storage="c:\users\administrator\desktop\sba-exercise\server\projectmanagement\projectmanagement.tests\bin\debug\projectmanagement.tests.dll" id="365d8ab6-106f-6dfd-7ec1-ccbc632eba6b">
      <TestMethod codeBase="C:/Users/Administrator/Desktop/sba-exercise/server/ProjectManagement/ProjectManagement.Tests/bin/Debug/ProjectManagement.Tests.DLL" adapterTypeName="Microsoft.VisualStudio.TestTools.TestTypes.Unit.UnitTestAdapter, Microsoft.VisualStudio.QualityTools.Tips.UnitTest.Adapter, Version=15.0.0.0, Culture=neutral, PublicKeyToken=b03f5f7f11d50a3a" className="ProjectManagement.Test.UserControllerTest, ProjectManagement.Tests, Version=1.0.0.0, Culture=neutral, PublicKeyToken=null" name="TestUpdateUser_Success" />
    </UnitTest>
    <UnitTest name="TestRetrieveTaskByProjectId_NegativeTaskId" storage="c:\users\administrator\desktop\sba-exercise\server\projectmanagement\projectmanagement.tests\bin\debug\projectmanagement.tests.dll" id="8407fe54-315b-a283-3970-a669ab328c64">
      <TestMethod codeBase="C:/Users/Administrator/Desktop/sba-exercise/server/ProjectManagement/ProjectManagement.Tests/bin/Debug/ProjectManagement.Tests.DLL" adapterTypeName="Microsoft.VisualStudio.TestTools.TestTypes.Unit.UnitTestAdapter, Microsoft.VisualStudio.QualityTools.Tips.UnitTest.Adapter, Version=15.0.0.0, Culture=neutral, PublicKeyToken=b03f5f7f11d50a3a" className="ProjectManagement.Test.TaskControllerTest, ProjectManagement.Tests, Version=1.0.0.0, Culture=neutral, PublicKeyToken=null" name="TestRetrieveTaskByProjectId_NegativeTaskId" />
    </UnitTest>
    <UnitTest name="TestUpdateProjects_Success" storage="c:\users\administrator\desktop\sba-exercise\server\projectmanagement\projectmanagement.tests\bin\debug\projectmanagement.tests.dll" id="6f05af90-af74-8ec6-67bf-b4bd7934ce4d">
      <TestMethod codeBase="C:/Users/Administrator/Desktop/sba-exercise/server/ProjectManagement/ProjectManagement.Tests/bin/Debug/ProjectManagement.Tests.DLL" adapterTypeName="Microsoft.VisualStudio.TestTools.TestTypes.Unit.UnitTestAdapter, Microsoft.VisualStudio.QualityTools.Tips.UnitTest.Adapter, Version=15.0.0.0, Culture=neutral, PublicKeyToken=b03f5f7f11d50a3a" className="ProjectManagement.Test.ProjectControllerTest, ProjectManagement.Tests, Version=1.0.0.0, Culture=neutral, PublicKeyToken=null" name="TestUpdateProjects_Success" />
    </UnitTest>
    <UnitTest name="TestUpdateProject_CompletedTasksGreater" storage="c:\users\administrator\desktop\sba-exercise\server\projectmanagement\projectmanagement.tests\bin\debug\projectmanagement.tests.dll" id="787f101f-2ed7-2cef-872b-50f2710d7850">
      <TestMethod codeBase="C:/Users/Administrator/Desktop/sba-exercise/server/ProjectManagement/ProjectManagement.Tests/bin/Debug/ProjectManagement.Tests.DLL" adapterTypeName="Microsoft.VisualStudio.TestTools.TestTypes.Unit.UnitTestAdapter, Microsoft.VisualStudio.QualityTools.Tips.UnitTest.Adapter, Version=15.0.0.0, Culture=neutral, PublicKeyToken=b03f5f7f11d50a3a" className="ProjectManagement.Test.ProjectControllerTest, ProjectManagement.Tests, Version=1.0.0.0, Culture=neutral, PublicKeyToken=null" name="TestUpdateProject_CompletedTasksGreater" />
    </UnitTest>
    <UnitTest name="TestDeleteTask_NegativeTaskParentId" storage="c:\users\administrator\desktop\sba-exercise\server\projectmanagement\projectmanagement.tests\bin\debug\projectmanagement.tests.dll" id="15511aa6-f7e3-7a1a-1758-1ec38f729ccb">
      <TestMethod codeBase="C:/Users/Administrator/Desktop/sba-exercise/server/ProjectManagement/ProjectManagement.Tests/bin/Debug/ProjectManagement.Tests.DLL" adapterTypeName="Microsoft.VisualStudio.TestTools.TestTypes.Unit.UnitTestAdapter, Microsoft.VisualStudio.QualityTools.Tips.UnitTest.Adapter, Version=15.0.0.0, Culture=neutral, PublicKeyToken=b03f5f7f11d50a3a" className="ProjectManagement.Test.TaskControllerTest, ProjectManagement.Tests, Version=1.0.0.0, Culture=neutral, PublicKeyToken=null" name="TestDeleteTask_NegativeTaskParentId" />
    </UnitTest>
    <UnitTest name="TestDeleteTask_NullTaskObject" storage="c:\users\administrator\desktop\sba-exercise\server\projectmanagement\projectmanagement.tests\bin\debug\projectmanagement.tests.dll" id="211f76b8-d357-2828-53a5-c45d5306157c">
      <TestMethod codeBase="C:/Users/Administrator/Desktop/sba-exercise/server/ProjectManagement/ProjectManagement.Tests/bin/Debug/ProjectManagement.Tests.DLL" adapterTypeName="Microsoft.VisualStudio.TestTools.TestTypes.Unit.UnitTestAdapter, Microsoft.VisualStudio.QualityTools.Tips.UnitTest.Adapter, Version=15.0.0.0, Culture=neutral, PublicKeyToken=b03f5f7f11d50a3a" className="ProjectManagement.Test.TaskControllerTest, ProjectManagement.Tests, Version=1.0.0.0, Culture=neutral, PublicKeyToken=null" name="TestDeleteTask_NullTaskObject" />
    </UnitTest>
    <UnitTest name="TestInsertProject_NoProjectAsParameter" storage="c:\users\administrator\desktop\sba-exercise\server\projectmanagement\projectmanagement.tests\bin\debug\projectmanagement.tests.dll" id="6710dc62-e54b-a9f6-1221-c61bc3c62505">
      <TestMethod codeBase="C:/Users/Administrator/Desktop/sba-exercise/server/ProjectManagement/ProjectManagement.Tests/bin/Debug/ProjectManagement.Tests.DLL" adapterTypeName="Microsoft.VisualStudio.TestTools.TestTypes.Unit.UnitTestAdapter, Microsoft.VisualStudio.QualityTools.Tips.UnitTest.Adapter, Version=15.0.0.0, Culture=neutral, PublicKeyToken=b03f5f7f11d50a3a" className="ProjectManagement.Test.ProjectControllerTest, ProjectManagement.Tests, Version=1.0.0.0, Culture=neutral, PublicKeyToken=null" name="TestInsertProject_NoProjectAsParameter" />
    </UnitTest>
    <UnitTest name="TestInsertProject_UserNullInProject" storage="c:\users\administrator\desktop\sba-exercise\server\projectmanagement\projectmanagement.tests\bin\debug\projectmanagement.tests.dll" id="48f0854c-bf8b-553a-36d9-ea51dd5eb21f">
      <TestMethod codeBase="C:/Users/Administrator/Desktop/sba-exercise/server/ProjectManagement/ProjectManagement.Tests/bin/Debug/ProjectManagement.Tests.DLL" adapterTypeName="Microsoft.VisualStudio.TestTools.TestTypes.Unit.UnitTestAdapter, Microsoft.VisualStudio.QualityTools.Tips.UnitTest.Adapter, Version=15.0.0.0, Culture=neutral, PublicKeyToken=b03f5f7f11d50a3a" className="ProjectManagement.Test.ProjectControllerTest, ProjectManagement.Tests, Version=1.0.0.0, Culture=neutral, PublicKeyToken=null" name="TestInsertProject_UserNullInProject" />
    </UnitTest>
  </TestDefinitions>
  <TestLists>
    <TestList name="Results Not in a List" id="8c84fa94-04c1-424b-9868-57a2d4851a1d" />
    <TestList name="All Loaded Results" id="19431567-8539-422a-85d7-44ee4e166bda" />
  </TestLists>
  <TestEntries>
    <TestEntry isTransparent="false" testId="4bbf72ea-b94a-4d79-adce-1847151c8eb2" executionId="f2850148-cc19-4d17-901d-1462585aef50" testListId="8c84fa94-04c1-424b-9868-57a2d4851a1d">
      <TestEntries>
        <TestEntry testId="af40eb08-6e35-1f9e-1137-e26eaead46db" executionId="4afa5acd-b720-42ab-9aeb-3d963009e7d0" parentExecutionId="f2850148-cc19-4d17-901d-1462585aef50" testListId="8c84fa94-04c1-424b-9868-57a2d4851a1d" />
        <TestEntry testId="d333cd29-cef7-da96-5b7c-b9bf1840ed57" executionId="bc420cb2-4cc7-4633-bc00-3074a007cef7" parentExecutionId="f2850148-cc19-4d17-901d-1462585aef50" testListId="8c84fa94-04c1-424b-9868-57a2d4851a1d" />
        <TestEntry testId="5338f607-76cb-c49b-3534-36ff925af34b" executionId="b311ab56-b924-4998-a90b-16fa9f0406db" parentExecutionId="f2850148-cc19-4d17-901d-1462585aef50" testListId="8c84fa94-04c1-424b-9868-57a2d4851a1d" />
        <TestEntry testId="cbf91319-bac8-2248-a376-94bedb9bcf8e" executionId="57b64c33-3f62-48c0-9f4c-f75cf99d58f8" parentExecutionId="f2850148-cc19-4d17-901d-1462585aef50" testListId="8c84fa94-04c1-424b-9868-57a2d4851a1d" />
        <TestEntry testId="26006798-996c-ca49-394d-e15c80aaf31b" executionId="cf6bb151-2061-4961-b42c-a8968dfaae91" parentExecutionId="f2850148-cc19-4d17-901d-1462585aef50" testListId="8c84fa94-04c1-424b-9868-57a2d4851a1d" />
        <TestEntry testId="39f39575-d1b0-8a0b-9934-d8b1945d07c0" executionId="a9974269-8f9c-444b-acfe-5f88b221abe1" parentExecutionId="f2850148-cc19-4d17-901d-1462585aef50" testListId="8c84fa94-04c1-424b-9868-57a2d4851a1d" />
        <TestEntry testId="cfa67afc-affd-cfcf-0fc8-3f3d812e8ea3" executionId="9de6753e-364b-4b6c-a56a-28a866313fcd" parentExecutionId="f2850148-cc19-4d17-901d-1462585aef50" testListId="8c84fa94-04c1-424b-9868-57a2d4851a1d" />
        <TestEntry testId="a91d0eac-8cbc-f081-52d3-03ec8a337e51" executionId="8c44d3c3-2156-4dd7-8597-f87d7e5cd99c" parentExecutionId="f2850148-cc19-4d17-901d-1462585aef50" testListId="8c84fa94-04c1-424b-9868-57a2d4851a1d" />
        <TestEntry testId="d766aaac-ac21-3eaa-8722-de72584a8803" executionId="16dde1b2-8fb3-4421-a37a-28f5daa4758f" parentExecutionId="f2850148-cc19-4d17-901d-1462585aef50" testListId="8c84fa94-04c1-424b-9868-57a2d4851a1d" />
        <TestEntry testId="15511aa6-f7e3-7a1a-1758-1ec38f729ccb" executionId="e2f1a68d-5e8a-4192-b232-66749afa0f85" parentExecutionId="f2850148-cc19-4d17-901d-1462585aef50" testListId="8c84fa94-04c1-424b-9868-57a2d4851a1d" />
        <TestEntry testId="211f76b8-d357-2828-53a5-c45d5306157c" executionId="a62f02db-8d7b-4dae-9534-4e7ba97cb74e" parentExecutionId="f2850148-cc19-4d17-901d-1462585aef50" testListId="8c84fa94-04c1-424b-9868-57a2d4851a1d" />
        <TestEntry testId="d191cbe5-2a6e-acdd-a615-0557a0aba39e" executionId="e3f3fdc8-85ac-482d-950c-03a7d43247a1" parentExecutionId="f2850148-cc19-4d17-901d-1462585aef50" testListId="8c84fa94-04c1-424b-9868-57a2d4851a1d" />
        <TestEntry testId="73e56084-eb36-e7ff-b1a8-e9ed3dea2cf7" executionId="18c03940-2b14-4d04-9956-aa07f2739653" parentExecutionId="f2850148-cc19-4d17-901d-1462585aef50" testListId="8c84fa94-04c1-424b-9868-57a2d4851a1d" />
        <TestEntry testId="0f92d585-0efb-771d-c7cd-9ddb9841880a" executionId="f41bacd0-6831-4652-99f4-396aec28203c" parentExecutionId="f2850148-cc19-4d17-901d-1462585aef50" testListId="8c84fa94-04c1-424b-9868-57a2d4851a1d" />
        <TestEntry testId="cb28244f-e99b-f9a9-d562-960aff079cb3" executionId="f5937cd5-a95d-4a29-a1a1-30b193b6d93f" parentExecutionId="f2850148-cc19-4d17-901d-1462585aef50" testListId="8c84fa94-04c1-424b-9868-57a2d4851a1d" />
        <TestEntry testId="cc024381-7ae7-1b32-42a5-a1145246956b" executionId="d1482ed8-1383-46cd-b627-eabbdaf6cd94" parentExecutionId="f2850148-cc19-4d17-901d-1462585aef50" testListId="8c84fa94-04c1-424b-9868-57a2d4851a1d" />
        <TestEntry testId="c57dbb3d-43fc-a239-5fcc-c04541c6b167" executionId="762c3533-6366-4f95-935e-ca729eefd5f4" parentExecutionId="f2850148-cc19-4d17-901d-1462585aef50" testListId="8c84fa94-04c1-424b-9868-57a2d4851a1d" />
        <TestEntry testId="03041db9-87cd-e883-c7f3-54100f8b012c" executionId="e35952e0-870d-46f1-974c-925c3f7ffa90" parentExecutionId="f2850148-cc19-4d17-901d-1462585aef50" testListId="8c84fa94-04c1-424b-9868-57a2d4851a1d" />
        <TestEntry testId="95993b16-8db1-d2aa-0b51-773b5f05f1aa" executionId="21259063-30f5-4f87-8514-b3fba654b73b" parentExecutionId="f2850148-cc19-4d17-901d-1462585aef50" testListId="8c84fa94-04c1-424b-9868-57a2d4851a1d" />
        <TestEntry testId="799f19f6-f555-c4a9-98ae-de71f4a099bf" executionId="b64416da-7b9a-42dc-9065-3f321d528d50" parentExecutionId="f2850148-cc19-4d17-901d-1462585aef50" testListId="8c84fa94-04c1-424b-9868-57a2d4851a1d" />
        <TestEntry testId="c3ac4f12-d695-2654-8149-3228dcd5844d" executionId="f38e52bb-d915-4c1f-9376-87ffeebaae2b" parentExecutionId="f2850148-cc19-4d17-901d-1462585aef50" testListId="8c84fa94-04c1-424b-9868-57a2d4851a1d" />
        <TestEntry testId="4d188127-6772-193c-dfe9-f3b3f6529660" executionId="f7c32d5d-fd5f-4c0a-bd83-fab7693d5f11" parentExecutionId="f2850148-cc19-4d17-901d-1462585aef50" testListId="8c84fa94-04c1-424b-9868-57a2d4851a1d" />
        <TestEntry testId="6710dc62-e54b-a9f6-1221-c61bc3c62505" executionId="64feb139-e6f4-431c-8981-87cc5b4c3825" parentExecutionId="f2850148-cc19-4d17-901d-1462585aef50" testListId="8c84fa94-04c1-424b-9868-57a2d4851a1d" />
        <TestEntry testId="48f0854c-bf8b-553a-36d9-ea51dd5eb21f" executionId="5553d40b-b75d-45b4-91fe-f51ebc2bcad3" parentExecutionId="f2850148-cc19-4d17-901d-1462585aef50" testListId="8c84fa94-04c1-424b-9868-57a2d4851a1d" />
        <TestEntry testId="f6c4e983-af0b-1eaf-db16-fe2099b298e4" executionId="a96a3afe-9bce-42ac-8cb0-525439cd3006" parentExecutionId="f2850148-cc19-4d17-901d-1462585aef50" testListId="8c84fa94-04c1-424b-9868-57a2d4851a1d" />
        <TestEntry testId="c9b6c281-eb84-cd88-ab0e-5989ec4ee99d" executionId="b5a33473-600b-481f-b11e-e5b3ea28e7bd" parentExecutionId="f2850148-cc19-4d17-901d-1462585aef50" testListId="8c84fa94-04c1-424b-9868-57a2d4851a1d" />
        <TestEntry testId="abebd5fe-fd3b-5346-dd8f-646a17bb93cd" executionId="ad827fea-aafb-40e4-8d2b-0c3795452da4" parentExecutionId="f2850148-cc19-4d17-901d-1462585aef50" testListId="8c84fa94-04c1-424b-9868-57a2d4851a1d" />
        <TestEntry testId="d2077fe6-886e-c3f8-2ab4-353858453387" executionId="aed443e2-3e5c-4f25-acd1-fdfa326148b5" parentExecutionId="f2850148-cc19-4d17-901d-1462585aef50" testListId="8c84fa94-04c1-424b-9868-57a2d4851a1d" />
        <TestEntry testId="3f8908a4-0a2d-e10c-3cc8-46c42a9283d7" executionId="ffbb5519-4c84-4724-a780-d52aeb05ad03" parentExecutionId="f2850148-cc19-4d17-901d-1462585aef50" testListId="8c84fa94-04c1-424b-9868-57a2d4851a1d" />
        <TestEntry testId="b6353e8e-0c77-c68a-e57d-7a828d2964fb" executionId="61057b2f-8b3c-48a7-ab30-90a0dc208d98" parentExecutionId="f2850148-cc19-4d17-901d-1462585aef50" testListId="8c84fa94-04c1-424b-9868-57a2d4851a1d" />
        <TestEntry testId="c9a2bba9-1725-8089-a14e-0621e50a11eb" executionId="d7660b40-fedf-4958-a5ed-ab082774d4d9" parentExecutionId="f2850148-cc19-4d17-901d-1462585aef50" testListId="8c84fa94-04c1-424b-9868-57a2d4851a1d" />
        <TestEntry testId="6ddf1be2-e668-a171-df99-201604580aec" executionId="817b25f0-8a09-49f1-bdfe-ac79329036c8" parentExecutionId="f2850148-cc19-4d17-901d-1462585aef50" testListId="8c84fa94-04c1-424b-9868-57a2d4851a1d" />
        <TestEntry testId="f8d19c8a-1b22-5584-6d91-d74ad6fadabb" executionId="64481cf3-11bd-4962-b4fb-7fe9c0440614" parentExecutionId="f2850148-cc19-4d17-901d-1462585aef50" testListId="8c84fa94-04c1-424b-9868-57a2d4851a1d" />
        <TestEntry testId="e2556136-3103-b9b3-a13f-0cc19d8d4da9" executionId="10b63874-615d-45ec-8537-8a352bbcb6ac" parentExecutionId="f2850148-cc19-4d17-901d-1462585aef50" testListId="8c84fa94-04c1-424b-9868-57a2d4851a1d" />
        <TestEntry testId="fba63926-41b7-9c46-6219-b707b42442df" executionId="6a81d27f-7bb1-4907-b9a2-c0be72c807ac" parentExecutionId="f2850148-cc19-4d17-901d-1462585aef50" testListId="8c84fa94-04c1-424b-9868-57a2d4851a1d" />
        <TestEntry testId="1ac02115-0319-3aa1-ef14-bf2655e0fd0b" executionId="9dc0c557-90ad-4cac-b905-e73a6de02756" parentExecutionId="f2850148-cc19-4d17-901d-1462585aef50" testListId="8c84fa94-04c1-424b-9868-57a2d4851a1d" />
        <TestEntry testId="ad1d3d07-01b1-6c0e-a17e-00efe1f6b062" executionId="32842f29-0a6a-4ffa-bd08-203340be5c7e" parentExecutionId="f2850148-cc19-4d17-901d-1462585aef50" testListId="8c84fa94-04c1-424b-9868-57a2d4851a1d" />
        <TestEntry testId="8407fe54-315b-a283-3970-a669ab328c64" executionId="0aec926b-a830-4ead-934a-1661e548bd7b" parentExecutionId="f2850148-cc19-4d17-901d-1462585aef50" testListId="8c84fa94-04c1-424b-9868-57a2d4851a1d" />
        <TestEntry testId="cf9673fb-8d68-7873-83c0-984d2fa20765" executionId="4df113a6-30c8-4a6f-aae0-b1b3e9157782" parentExecutionId="f2850148-cc19-4d17-901d-1462585aef50" testListId="8c84fa94-04c1-424b-9868-57a2d4851a1d" />
        <TestEntry testId="72f3c69e-686d-5d84-6a23-ea6b352f9e79" executionId="426dd865-753f-4829-bef4-64fe63125a30" parentExecutionId="f2850148-cc19-4d17-901d-1462585aef50" testListId="8c84fa94-04c1-424b-9868-57a2d4851a1d" />
        <TestEntry testId="787f101f-2ed7-2cef-872b-50f2710d7850" executionId="09e4f07f-d2a6-48dc-9c1e-debc4fc8eef3" parentExecutionId="f2850148-cc19-4d17-901d-1462585aef50" testListId="8c84fa94-04c1-424b-9868-57a2d4851a1d" />
        <TestEntry testId="0dcdf598-18b8-ab87-7c68-3d00a6cf1038" executionId="f1ffa363-76aa-47b9-a35d-78c8af2ba64d" parentExecutionId="f2850148-cc19-4d17-901d-1462585aef50" testListId="8c84fa94-04c1-424b-9868-57a2d4851a1d" />
        <TestEntry testId="4955df02-4758-a74e-3bee-39ea6b8d0491" executionId="38fdbfcc-d923-439d-801c-3b1c7b0b6ecd" parentExecutionId="f2850148-cc19-4d17-901d-1462585aef50" testListId="8c84fa94-04c1-424b-9868-57a2d4851a1d" />
        <TestEntry testId="97b25215-8410-27f6-7b38-1fdf47f5c0e4" executionId="b5337cc1-d0c9-41a8-9151-924c0a1a7001" parentExecutionId="f2850148-cc19-4d17-901d-1462585aef50" testListId="8c84fa94-04c1-424b-9868-57a2d4851a1d" />
        <TestEntry testId="775b9897-286f-0527-f512-9c88dbe2d16e" executionId="8bde4545-d330-42e2-b334-3cd70af7f497" parentExecutionId="f2850148-cc19-4d17-901d-1462585aef50" testListId="8c84fa94-04c1-424b-9868-57a2d4851a1d" />
        <TestEntry testId="6f05af90-af74-8ec6-67bf-b4bd7934ce4d" executionId="573ccf65-bebc-4d0d-bc6c-df2ec864ee05" parentExecutionId="f2850148-cc19-4d17-901d-1462585aef50" testListId="8c84fa94-04c1-424b-9868-57a2d4851a1d" />
        <TestEntry testId="3bf8f6be-341f-eb38-bf0a-c2153d6814f7" executionId="f8a3582c-c402-47e6-b00e-03e46959816f" parentExecutionId="f2850148-cc19-4d17-901d-1462585aef50" testListId="8c84fa94-04c1-424b-9868-57a2d4851a1d" />
        <TestEntry testId="b68780a3-fa27-287e-d35f-fe196091bed3" executionId="3c7ccb41-6f1c-41a4-955b-f1f0bdc1fa0d" parentExecutionId="f2850148-cc19-4d17-901d-1462585aef50" testListId="8c84fa94-04c1-424b-9868-57a2d4851a1d" />
        <TestEntry testId="99e2893b-b917-5d68-e4ef-31e56efb10d3" executionId="59d1f4f8-0bf6-4956-a235-e870b7e878e4" parentExecutionId="f2850148-cc19-4d17-901d-1462585aef50" testListId="8c84fa94-04c1-424b-9868-57a2d4851a1d" />
        <TestEntry testId="3872c9e0-213e-1a46-2f54-028a4f651047" executionId="98aa54f0-24f1-4150-8d6a-74345874149b" parentExecutionId="f2850148-cc19-4d17-901d-1462585aef50" testListId="8c84fa94-04c1-424b-9868-57a2d4851a1d" />
        <TestEntry testId="5581a195-3002-c130-2ef2-2a672b9f7eb3" executionId="98b5a2e3-0547-4ce0-89e9-7899e8e01d71" parentExecutionId="f2850148-cc19-4d17-901d-1462585aef50" testListId="8c84fa94-04c1-424b-9868-57a2d4851a1d" />
        <TestEntry testId="c672a99a-065d-da1a-46dd-6fe60782c1f8" executionId="2b559462-01a2-4592-856e-ca7db967ab1c" parentExecutionId="f2850148-cc19-4d17-901d-1462585aef50" testListId="8c84fa94-04c1-424b-9868-57a2d4851a1d" />
        <TestEntry testId="19977303-04aa-7495-f9d3-335538a26b9e" executionId="2c863520-1159-44fd-b489-a73ef1e456e0" parentExecutionId="f2850148-cc19-4d17-901d-1462585aef50" testListId="8c84fa94-04c1-424b-9868-57a2d4851a1d" />
        <TestEntry testId="fa9eccc0-3a14-4cb8-78d1-5bc09de27b65" executionId="4e836090-1f56-4a2b-a998-eb1c7a06e868" parentExecutionId="f2850148-cc19-4d17-901d-1462585aef50" testListId="8c84fa94-04c1-424b-9868-57a2d4851a1d" />
        <TestEntry testId="618ec8c3-89d5-6451-2056-6b774010bea8" executionId="7e61f28c-f0ff-4d99-b247-d74d6e9e33a4" parentExecutionId="f2850148-cc19-4d17-901d-1462585aef50" testListId="8c84fa94-04c1-424b-9868-57a2d4851a1d" />
        <TestEntry testId="365d8ab6-106f-6dfd-7ec1-ccbc632eba6b" executionId="7aaf8532-5468-441c-97e8-3f39dfd0ba50" parentExecutionId="f2850148-cc19-4d17-901d-1462585aef50" testListId="8c84fa94-04c1-424b-9868-57a2d4851a1d" />
        <TestEntry testId="08107253-d031-acc9-bd55-3fa0a7bd206b" executionId="b958ff44-b24c-4508-b424-1c54cddbcb46" parentExecutionId="f2850148-cc19-4d17-901d-1462585aef50" testListId="8c84fa94-04c1-424b-9868-57a2d4851a1d" />
        <TestEntry isTransparent="false" testId="f252b84e-f968-45d9-bc7a-72c454a11a7f" executionId="873eb8dc-2aac-45d8-a8ee-68361769f898" parentExecutionId="f2850148-cc19-4d17-901d-1462585aef50" testListId="8c84fa94-04c1-424b-9868-57a2d4851a1d" />
      </TestEntries>
    </TestEntry>
  </TestEntries>
  <Results>
    <LoadTestResult executionId="f2850148-cc19-4d17-901d-1462585aef50" testId="4bbf72ea-b94a-4d79-adce-1847151c8eb2" testName="LoadTest1" computerName="DOTNET" duration="00:05:00" startTime="2019-03-26T06:21:47.9712905-07:00" endTime="2019-03-26T06:26:47.9712905-07:00" testType="fa4c85ff-1236-4463-b954-3ba2f0eabd95" outcome="Completed" testListId="8c84fa94-04c1-424b-9868-57a2d4851a1d" relativeResultsDirectory="f2850148-cc19-4d17-901d-1462585aef50" runId="5" controllerStartTime="2019-03-26T06:21:47.9712905-07:00" runStatus="Stopped" resultsStoreType="Database" resultsRepositoryConnectString="LAs4ogoKlDd+VpAl2ugknpVnps2Q+yFLesmD6LbUL+Km/JX8cBHGI53gZ4BH8pTCcqKm6fIrGHKGBGJ3QBDSWVtG/R9gmVK41LpMFWa4ySQbzsbWeWhsOim1CQqNS57+" loadTestDuration="300" loadTestWarmupTime="0" previouslyViewed="false">
      <AnalyzerViewState>
        <LoadTestRunDescriptor isLegendPanelVisible="true" isOverviewPanelVisible="true" isCounterPanelVisible="true" scrollingGraph="false" minMaxGraph="false" showHorizontalGridOnGraph="true" showThresholdsOnGraph="true" showComparison="false" showZoom="true" lockZoom="true" activeConsoleView="Graph" selectedGraphPanel1="Key Indicators" selectedGraphPanel2="Page Response Time" selectedGraphPanel3="System under Test" selectedGraphPanel4="Controller and Agents" graphPanelLayout="FourGrid" tablePanelLayout="TwoHorizontal" selectedTablePanel1="Tests" selectedTablePanel2="Errors" selectedTablePanel3="Thresholds" selectedTablePanel4="Transactions" controllerName="DOTNET" isLocalRun="true" testRunId="b1664fb6-cbdd-4bff-a7a7-fd7ff3cb49ae" repositoryRunId="0">
          <GraphDescriptors>
            <GraphDescriptor graphName="Key Indicators">
              <HorizontalZoomRange lower="-1" upper="-1" />
              <VerticalZoomRange lower="0" upper="100" />
              <PlotDescriptors>
                <PlotDescriptor colorArgb="-65536" lineStyle="0" fixedRange="0" rangeGroup="User Load" showOnGraph="true" isSelected="false">
                  <CounterDescriptor machineName="DOTNET" categoryName="LoadTest:Scenario" counterName="User Load" instanceName="_Total" baseInstanceName="_Total" loadTestItemId="-1" />
                </PlotDescriptor>
                <PlotDescriptor colorArgb="-16744448" lineStyle="0" fixedRange="0" rangeGroup="Pages/Sec" showOnGraph="true" isSelected="false">
                  <CounterDescriptor machineName="DOTNET" categoryName="LoadTest:Page" counterName="Pages/Sec" instanceName="_Total" baseInstanceName="_Total" loadTestItemId="-1" />
                </PlotDescriptor>
                <PlotDescriptor colorArgb="-16776961" lineStyle="0" fixedRange="0" rangeGroup="Avg. Page Time" showOnGraph="true" isSelected="false">
                  <CounterDescriptor machineName="DOTNET" categoryName="LoadTest:Page" counterName="Avg. Page Time" instanceName="_Total" baseInstanceName="_Total" loadTestItemId="-1" />
                </PlotDescriptor>
                <PlotDescriptor colorArgb="-8388480" lineStyle="0" fixedRange="0" rangeGroup="Tests/Sec" showOnGraph="true" isSelected="false">
                  <CounterDescriptor machineName="DOTNET" categoryName="LoadTest:Test" counterName="Tests/Sec" instanceName="_Total" baseInstanceName="_Total" loadTestItemId="-1" />
                </PlotDescriptor>
                <PlotDescriptor colorArgb="-23296" lineStyle="0" fixedRange="0" rangeGroup="Avg. Test Time" showOnGraph="true" isSelected="false">
                  <CounterDescriptor machineName="DOTNET" categoryName="LoadTest:Test" counterName="Avg. Test Time" instanceName="_Total" baseInstanceName="_Total" loadTestItemId="-1" />
                </PlotDescriptor>
                <PlotDescriptor colorArgb="-16744320" lineStyle="0" fixedRange="0" rangeGroup="Errors/Sec" showOnGraph="true" isSelected="false">
                  <CounterDescriptor machineName="DOTNET" categoryName="LoadTest:Errors" counterName="Errors/Sec" instanceName="_Total" baseInstanceName="_Total" loadTestItemId="-1" />
                </PlotDescriptor>
                <PlotDescriptor colorArgb="-7667712" lineStyle="0" fixedRange="0" rangeGroup="Threshold Violations/Sec" showOnGraph="true" isSelected="false">
                  <CounterDescriptor machineName="DOTNET" categoryName="LoadTest:Errors" counterName="Threshold Violations/Sec" instanceName="_Total" baseInstanceName="_Total" loadTestItemId="-1" />
                </PlotDescriptor>
              </PlotDescriptors>
            </GraphDescriptor>
            <GraphDescriptor graphName="System under Test">
              <HorizontalZoomRange lower="-1" upper="-1" />
              <VerticalZoomRange lower="0" upper="100" />
            </GraphDescriptor>
            <GraphDescriptor graphName="Controller and Agents">
              <HorizontalZoomRange lower="-1" upper="-1" />
              <VerticalZoomRange lower="0" upper="100" />
              <PlotDescriptors>
                <PlotDescriptor colorArgb="-65536" lineStyle="0" fixedRange="100" rangeGroup="% Processor Time" showOnGraph="true" isSelected="false">
                  <CounterDescriptor machineName="DOTNET" categoryName="Processor" counterName="% Processor Time" instanceName="0" baseInstanceName="0" loadTestItemId="-1" />
                </PlotDescriptor>
                <PlotDescriptor colorArgb="-16744448" lineStyle="0" fixedRange="0" rangeGroup="Memory Bytes" showOnGraph="true" isSelected="false">
                  <CounterDescriptor machineName="DOTNET" categoryName="Memory" counterName="Available MBytes" instanceName="systemdiagnosticsperfcounterlibsingleinstance" baseInstanceName="systemdiagnosticsperfcounterlibsingleinstance" loadTestItemId="-1" />
                </PlotDescriptor>
              </PlotDescriptors>
            </GraphDescriptor>
            <GraphDescriptor graphName="Test Response Time">
              <HorizontalZoomRange lower="-1" upper="-1" />
              <VerticalZoomRange lower="0" upper="1" />
              <PlotDescriptors>
                <PlotDescriptor colorArgb="-65536" lineStyle="0" fixedRange="1" rangeGroup="Avg. Test Time" showOnGraph="true" isSelected="false" counterMetadata="WebTest1;Scenario1">
                  <CounterDescriptor machineName="DOTNET" categoryName="LoadTest:Test" counterName="Avg. Test Time" instanceName="WebTest1(057)" baseInstanceName="WebTest1" loadTestItemId="57" />
                </PlotDescriptor>
                <PlotDescriptor colorArgb="-16744448" lineStyle="0" fixedRange="1" rangeGroup="Avg. Test Time" showOnGraph="true" isSelected="false" counterMetadata="TestInsertUser_NegativeEmployeeId;Scenario1">
                  <CounterDescriptor machineName="DOTNET" categoryName="LoadTest:Test" counterName="Avg. Test Time" instanceName="TestInsertUser_NegativeEmployeeId(032)" baseInstanceName="TestInsertUser_NegativeEmployeeId" loadTestItemId="32" />
                </PlotDescriptor>
                <PlotDescriptor colorArgb="-16776961" lineStyle="0" fixedRange="1" rangeGroup="Avg. Test Time" showOnGraph="true" isSelected="false" counterMetadata="TestDeleteProject_UserNullInProject;Scenario1">
                  <CounterDescriptor machineName="DOTNET" categoryName="LoadTest:Test" counterName="Avg. Test Time" instanceName="TestDeleteProject_UserNullInProject(005)" baseInstanceName="TestDeleteProject_UserNullInProject" loadTestItemId="5" />
                </PlotDescriptor>
                <PlotDescriptor colorArgb="-8388480" lineStyle="0" fixedRange="1" rangeGroup="Avg. Test Time" showOnGraph="true" isSelected="false" counterMetadata="TestInsertProject_NegativeProjectId;Scenario1">
                  <CounterDescriptor machineName="DOTNET" categoryName="LoadTest:Test" counterName="Avg. Test Time" instanceName="TestInsertProject_NegativeProjectId(020)" baseInstanceName="TestInsertProject_NegativeProjectId" loadTestItemId="20" />
                </PlotDescriptor>
                <PlotDescriptor colorArgb="-23296" lineStyle="0" fixedRange="1" rangeGroup="Avg. Test Time" showOnGraph="true" isSelected="false" counterMetadata="TestUpdateUser_UserNullException;Scenario1">
                  <CounterDescriptor machineName="DOTNET" categoryName="LoadTest:Test" counterName="Avg. Test Time" instanceName="TestUpdateUser_UserNullException(056)" baseInstanceName="TestUpdateUser_UserNullException" loadTestItemId="56" />
                </PlotDescriptor>
                <PlotDescriptor colorArgb="-16744320" lineStyle="0" fixedRange="1" rangeGroup="Avg. Test Time" showOnGraph="true" isSelected="false" counterMetadata="TestInsertProject_UserNullInProject;Scenario1">
                  <CounterDescriptor machineName="DOTNET" categoryName="LoadTest:Test" counterName="Avg. Test Time" instanceName="TestInsertProject_UserNullInProject(023)" baseInstanceName="TestInsertProject_UserNullInProject" loadTestItemId="23" />
                </PlotDescriptor>
                <PlotDescriptor colorArgb="-7667712" lineStyle="0" fixedRange="1" rangeGroup="Avg. Test Time" showOnGraph="true" isSelected="false" counterMetadata="TestInsertUser_UserNullException;Scenario1">
                  <CounterDescriptor machineName="DOTNET" categoryName="LoadTest:Test" counterName="Avg. Test Time" instanceName="TestInsertUser_UserNullException(034)" baseInstanceName="TestInsertUser_UserNullException" loadTestItemId="34" />
                </PlotDescriptor>
                <PlotDescriptor colorArgb="-16751616" lineStyle="0" fixedRange="1" rangeGroup="Avg. Test Time" showOnGraph="true" isSelected="false" counterMetadata="TestDeleteUser_InvalidProjectIdFormat;Scenario1">
                  <CounterDescriptor machineName="DOTNET" categoryName="LoadTest:Test" counterName="Avg. Test Time" instanceName="TestDeleteUser_InvalidProjectIdFormat(012)" baseInstanceName="TestDeleteUser_InvalidProjectIdFormat" loadTestItemId="12" />
                </PlotDescriptor>
                <PlotDescriptor colorArgb="-16777077" lineStyle="0" fixedRange="1" rangeGroup="Avg. Test Time" showOnGraph="true" isSelected="false" counterMetadata="TestDeleteProject_NoProjectAsParameter;Scenario1">
                  <CounterDescriptor machineName="DOTNET" categoryName="LoadTest:Test" counterName="Avg. Test Time" instanceName="TestDeleteProject_NoProjectAsParameter(003)" baseInstanceName="TestDeleteProject_NoProjectAsParameter" loadTestItemId="3" />
                </PlotDescriptor>
                <PlotDescriptor colorArgb="-16741493" lineStyle="0" fixedRange="1" rangeGroup="Avg. Test Time" showOnGraph="true" isSelected="false" counterMetadata="TestInsertTask_NegativeProjectId;Scenario1">
                  <CounterDescriptor machineName="DOTNET" categoryName="LoadTest:Test" counterName="Avg. Test Time" instanceName="TestInsertTask_NegativeProjectId(025)" baseInstanceName="TestInsertTask_NegativeProjectId" loadTestItemId="25" />
                </PlotDescriptor>
                <PlotDescriptor colorArgb="-5383962" lineStyle="0" fixedRange="1" rangeGroup="Avg. Test Time" showOnGraph="true" isSelected="false" counterMetadata="TestInsertProject_CompletedTasksGreater;Scenario1">
                  <CounterDescriptor machineName="DOTNET" categoryName="LoadTest:Test" counterName="Avg. Test Time" instanceName="TestInsertProject_CompletedTasksGreater(019)" baseInstanceName="TestInsertProject_CompletedTasksGreater" loadTestItemId="19" />
                </PlotDescriptor>
                <PlotDescriptor colorArgb="-7278960" lineStyle="0" fixedRange="1" rangeGroup="Avg. Test Time" showOnGraph="true" isSelected="false" counterMetadata="TestInsertTask_NegativeTaskParentId;Scenario1">
                  <CounterDescriptor machineName="DOTNET" categoryName="LoadTest:Test" counterName="Avg. Test Time" instanceName="TestInsertTask_NegativeTaskParentId(027)" baseInstanceName="TestInsertTask_NegativeTaskParentId" loadTestItemId="27" />
                </PlotDescriptor>
                <PlotDescriptor colorArgb="-38476" lineStyle="0" fixedRange="1" rangeGroup="Avg. Test Time" showOnGraph="true" isSelected="false" counterMetadata="TestMethod1;Scenario1">
                  <CounterDescriptor machineName="DOTNET" categoryName="LoadTest:Test" counterName="Avg. Test Time" instanceName="TestMethod1(035)" baseInstanceName="TestMethod1" loadTestItemId="35" />
                </PlotDescriptor>
                <PlotDescriptor colorArgb="-10496" lineStyle="0" fixedRange="1" rangeGroup="Avg. Test Time" showOnGraph="true" isSelected="false" counterMetadata="TestUpdateTask_NegativeProjectId;Scenario1">
                  <CounterDescriptor machineName="DOTNET" categoryName="LoadTest:Test" counterName="Avg. Test Time" instanceName="TestUpdateTask_NegativeProjectId(047)" baseInstanceName="TestUpdateTask_NegativeProjectId" loadTestItemId="47" />
                </PlotDescriptor>
                <PlotDescriptor colorArgb="-16777216" lineStyle="0" fixedRange="1" rangeGroup="Avg. Test Time" showOnGraph="true" isSelected="false" counterMetadata="TestInsertProject_NegativeProjectIdInUser;Scenario1">
                  <CounterDescriptor machineName="DOTNET" categoryName="LoadTest:Test" counterName="Avg. Test Time" instanceName="TestInsertProject_NegativeProjectIdInUser(021)" baseInstanceName="TestInsertProject_NegativeProjectIdInUser" loadTestItemId="21" />
                </PlotDescriptor>
                <PlotDescriptor colorArgb="-65536" lineStyle="0" fixedRange="1" rangeGroup="Avg. Test Time" showOnGraph="true" isSelected="false" counterMetadata="TestUpdateProject_NegativeProjectId;Scenario1">
                  <CounterDescriptor machineName="DOTNET" categoryName="LoadTest:Test" counterName="Avg. Test Time" instanceName="TestUpdateProject_NegativeProjectId(041)" baseInstanceName="TestUpdateProject_NegativeProjectId" loadTestItemId="41" />
                </PlotDescriptor>
                <PlotDescriptor colorArgb="-16744448" lineStyle="0" fixedRange="1" rangeGroup="Avg. Test Time" showOnGraph="true" isSelected="false" counterMetadata="TestInsertUser_InvalidProjectIdFormat;Scenario1">
                  <CounterDescriptor machineName="DOTNET" categoryName="LoadTest:Test" counterName="Avg. Test Time" instanceName="TestInsertUser_InvalidProjectIdFormat(031)" baseInstanceName="TestInsertUser_InvalidProjectIdFormat" loadTestItemId="31" />
                </PlotDescriptor>
                <PlotDescriptor colorArgb="-16776961" lineStyle="0" fixedRange="1" rangeGroup="Avg. Test Time" showOnGraph="true" isSelected="false" counterMetadata="TestInsertProject_NoProjectAsParameter;Scenario1">
                  <CounterDescriptor machineName="DOTNET" categoryName="LoadTest:Test" counterName="Avg. Test Time" instanceName="TestInsertProject_NoProjectAsParameter(022)" baseInstanceName="TestInsertProject_NoProjectAsParameter" loadTestItemId="22" />
                </PlotDescriptor>
                <PlotDescriptor colorArgb="-8388480" lineStyle="0" fixedRange="1" rangeGroup="Avg. Test Time" showOnGraph="true" isSelected="false" counterMetadata="TestInsertTask_NullTaskObject;Scenario1">
                  <CounterDescriptor machineName="DOTNET" categoryName="LoadTest:Test" counterName="Avg. Test Time" instanceName="TestInsertTask_NullTaskObject(028)" baseInstanceName="TestInsertTask_NullTaskObject" loadTestItemId="28" />
                </PlotDescriptor>
                <PlotDescriptor colorArgb="-23296" lineStyle="0" fixedRange="1" rangeGroup="Avg. Test Time" showOnGraph="true" isSelected="false" counterMetadata="TestDeleteProject_NegativeProjectId;Scenario1">
                  <CounterDescriptor machineName="DOTNET" categoryName="LoadTest:Test" counterName="Avg. Test Time" instanceName="TestDeleteProject_NegativeProjectId(000)" baseInstanceName="TestDeleteProject_NegativeProjectId" loadTestItemId="0" />
                </PlotDescriptor>
                <PlotDescriptor colorArgb="-16744320" lineStyle="0" fixedRange="1" rangeGroup="Avg. Test Time" showOnGraph="true" isSelected="false" counterMetadata="TestDeleteTask_NegativeTaskId;Scenario1">
                  <CounterDescriptor machineName="DOTNET" categoryName="LoadTest:Test" counterName="Avg. Test Time" instanceName="TestDeleteTask_NegativeTaskId(008)" baseInstanceName="TestDeleteTask_NegativeTaskId" loadTestItemId="8" />
                </PlotDescriptor>
                <PlotDescriptor colorArgb="-7667712" lineStyle="0" fixedRange="1" rangeGroup="Avg. Test Time" showOnGraph="true" isSelected="false" counterMetadata="TestDeleteProject_CompletedTasksGreater;Scenario1">
                  <CounterDescriptor machineName="DOTNET" categoryName="LoadTest:Test" counterName="Avg. Test Time" instanceName="TestDeleteProject_CompletedTasksGreater(001)" baseInstanceName="TestDeleteProject_CompletedTasksGreater" loadTestItemId="1" />
                </PlotDescriptor>
                <PlotDescriptor colorArgb="-16751616" lineStyle="0" fixedRange="1" rangeGroup="Avg. Test Time" showOnGraph="true" isSelected="false" counterMetadata="TestInsertUser_InvalidEmployeeId;Scenario1">
                  <CounterDescriptor machineName="DOTNET" categoryName="LoadTest:Test" counterName="Avg. Test Time" instanceName="TestInsertUser_InvalidEmployeeId(030)" baseInstanceName="TestInsertUser_InvalidEmployeeId" loadTestItemId="30" />
                </PlotDescriptor>
                <PlotDescriptor colorArgb="-16777077" lineStyle="0" fixedRange="1" rangeGroup="Avg. Test Time" showOnGraph="true" isSelected="false" counterMetadata="TestUpdateUser_NegativeUserIdFormat;Scenario1">
                  <CounterDescriptor machineName="DOTNET" categoryName="LoadTest:Test" counterName="Avg. Test Time" instanceName="TestUpdateUser_NegativeUserIdFormat(054)" baseInstanceName="TestUpdateUser_NegativeUserIdFormat" loadTestItemId="54" />
                </PlotDescriptor>
                <PlotDescriptor colorArgb="-16741493" lineStyle="0" fixedRange="1" rangeGroup="Avg. Test Time" showOnGraph="true" isSelected="false" counterMetadata="TestDeleteProject_NegativeProjectIdInUser;Scenario1">
                  <CounterDescriptor machineName="DOTNET" categoryName="LoadTest:Test" counterName="Avg. Test Time" instanceName="TestDeleteProject_NegativeProjectIdInUser(002)" baseInstanceName="TestDeleteProject_NegativeProjectIdInUser" loadTestItemId="2" />
                </PlotDescriptor>
                <PlotDescriptor colorArgb="-5383962" lineStyle="0" fixedRange="1" rangeGroup="Avg. Test Time" showOnGraph="true" isSelected="false" counterMetadata="TestDeleteUser_NegativeUserIdFormat;Scenario1">
                  <CounterDescriptor machineName="DOTNET" categoryName="LoadTest:Test" counterName="Avg. Test Time" instanceName="TestDeleteUser_NegativeUserIdFormat(014)" baseInstanceName="TestDeleteUser_NegativeUserIdFormat" loadTestItemId="14" />
                </PlotDescriptor>
                <PlotDescriptor colorArgb="-7278960" lineStyle="0" fixedRange="1" rangeGroup="Avg. Test Time" showOnGraph="true" isSelected="false" counterMetadata="TestInsertTask_NegativeTaskId;Scenario1">
                  <CounterDescriptor machineName="DOTNET" categoryName="LoadTest:Test" counterName="Avg. Test Time" instanceName="TestInsertTask_NegativeTaskId(026)" baseInstanceName="TestInsertTask_NegativeTaskId" loadTestItemId="26" />
                </PlotDescriptor>
                <PlotDescriptor colorArgb="-38476" lineStyle="0" fixedRange="1" rangeGroup="Avg. Test Time" showOnGraph="true" isSelected="false" counterMetadata="TestUpdateUser_InvalidProjectIdFormat;Scenario1">
                  <CounterDescriptor machineName="DOTNET" categoryName="LoadTest:Test" counterName="Avg. Test Time" instanceName="TestUpdateUser_InvalidProjectIdFormat(052)" baseInstanceName="TestUpdateUser_InvalidProjectIdFormat" loadTestItemId="52" />
                </PlotDescriptor>
                <PlotDescriptor colorArgb="-10496" lineStyle="0" fixedRange="1" rangeGroup="Avg. Test Time" showOnGraph="true" isSelected="false" counterMetadata="TestDeleteUser_InvalidEmployeeId;Scenario1">
                  <CounterDescriptor machineName="DOTNET" categoryName="LoadTest:Test" counterName="Avg. Test Time" instanceName="TestDeleteUser_InvalidEmployeeId(011)" baseInstanceName="TestDeleteUser_InvalidEmployeeId" loadTestItemId="11" />
                </PlotDescriptor>
                <PlotDescriptor colorArgb="-16777216" lineStyle="0" fixedRange="1" rangeGroup="Avg. Test Time" showOnGraph="true" isSelected="false" counterMetadata="TestUpdateProject_NoProjectAsParameter;Scenario1">
                  <CounterDescriptor machineName="DOTNET" categoryName="LoadTest:Test" counterName="Avg. Test Time" instanceName="TestUpdateProject_NoProjectAsParameter(043)" baseInstanceName="TestUpdateProject_NoProjectAsParameter" loadTestItemId="43" />
                </PlotDescriptor>
                <PlotDescriptor colorArgb="-65536" lineStyle="0" fixedRange="1" rangeGroup="Avg. Test Time" showOnGraph="true" isSelected="false" counterMetadata="TestDeleteTask_NullTaskObject;Scenario1">
                  <CounterDescriptor machineName="DOTNET" categoryName="LoadTest:Test" counterName="Avg. Test Time" instanceName="TestDeleteTask_NullTaskObject(010)" baseInstanceName="TestDeleteTask_NullTaskObject" loadTestItemId="10" />
                </PlotDescriptor>
                <PlotDescriptor colorArgb="-16744448" lineStyle="0" fixedRange="1" rangeGroup="Avg. Test Time" showOnGraph="true" isSelected="false" counterMetadata="TestUpdateUser_InvalidEmployeeId;Scenario1">
                  <CounterDescriptor machineName="DOTNET" categoryName="LoadTest:Test" counterName="Avg. Test Time" instanceName="TestUpdateUser_InvalidEmployeeId(051)" baseInstanceName="TestUpdateUser_InvalidEmployeeId" loadTestItemId="51" />
                </PlotDescriptor>
                <PlotDescriptor colorArgb="-16776961" lineStyle="0" fixedRange="1" rangeGroup="Avg. Test Time" showOnGraph="true" isSelected="false" counterMetadata="TestDeleteTask_NegativeTaskParentId;Scenario1">
                  <CounterDescriptor machineName="DOTNET" categoryName="LoadTest:Test" counterName="Avg. Test Time" instanceName="TestDeleteTask_NegativeTaskParentId(009)" baseInstanceName="TestDeleteTask_NegativeTaskParentId" loadTestItemId="9" />
                </PlotDescriptor>
                <PlotDescriptor colorArgb="-8388480" lineStyle="0" fixedRange="1" rangeGroup="Avg. Test Time" showOnGraph="true" isSelected="false" counterMetadata="TestUpdateProjects_Success;Scenario1">
                  <CounterDescriptor machineName="DOTNET" categoryName="LoadTest:Test" counterName="Avg. Test Time" instanceName="TestUpdateProjects_Success(045)" baseInstanceName="TestUpdateProjects_Success" loadTestItemId="45" />
                </PlotDescriptor>
                <PlotDescriptor colorArgb="-23296" lineStyle="0" fixedRange="1" rangeGroup="Avg. Test Time" showOnGraph="true" isSelected="false" counterMetadata="TestDeleteProjects_Success;Scenario1">
                  <CounterDescriptor machineName="DOTNET" categoryName="LoadTest:Test" counterName="Avg. Test Time" instanceName="TestDeleteProjects_Success(004)" baseInstanceName="TestDeleteProjects_Success" loadTestItemId="4" />
                </PlotDescriptor>
                <PlotDescriptor colorArgb="-16744320" lineStyle="0" fixedRange="1" rangeGroup="Avg. Test Time" showOnGraph="true" isSelected="false" counterMetadata="TestDeleteUser_UserNullException;Scenario1">
                  <CounterDescriptor machineName="DOTNET" categoryName="LoadTest:Test" counterName="Avg. Test Time" instanceName="TestDeleteUser_UserNullException(016)" baseInstanceName="TestDeleteUser_UserNullException" loadTestItemId="16" />
                </PlotDescriptor>
                <PlotDescriptor colorArgb="-7667712" lineStyle="0" fixedRange="1" rangeGroup="Avg. Test Time" showOnGraph="true" isSelected="false" counterMetadata="TestUpdateTask_NullTaskObject;Scenario1">
                  <CounterDescriptor machineName="DOTNET" categoryName="LoadTest:Test" counterName="Avg. Test Time" instanceName="TestUpdateTask_NullTaskObject(050)" baseInstanceName="TestUpdateTask_NullTaskObject" loadTestItemId="50" />
                </PlotDescriptor>
                <PlotDescriptor colorArgb="-16751616" lineStyle="0" fixedRange="1" rangeGroup="Avg. Test Time" showOnGraph="true" isSelected="false" counterMetadata="TestUpdateTask_NegativeTaskId;Scenario1">
                  <CounterDescriptor machineName="DOTNET" categoryName="LoadTest:Test" counterName="Avg. Test Time" instanceName="TestUpdateTask_NegativeTaskId(048)" baseInstanceName="TestUpdateTask_NegativeTaskId" loadTestItemId="48" />
                </PlotDescriptor>
                <PlotDescriptor colorArgb="-16777077" lineStyle="0" fixedRange="1" rangeGroup="Avg. Test Time" showOnGraph="true" isSelected="false" counterMetadata="TestUpdateTask_NegativeTaskParentId;Scenario1">
                  <CounterDescriptor machineName="DOTNET" categoryName="LoadTest:Test" counterName="Avg. Test Time" instanceName="TestUpdateTask_NegativeTaskParentId(049)" baseInstanceName="TestUpdateTask_NegativeTaskParentId" loadTestItemId="49" />
                </PlotDescriptor>
                <PlotDescriptor colorArgb="-16741493" lineStyle="0" fixedRange="1" rangeGroup="Avg. Test Time" showOnGraph="true" isSelected="false" counterMetadata="TestGetUser_Success;Scenario1">
                  <CounterDescriptor machineName="DOTNET" categoryName="LoadTest:Test" counterName="Avg. Test Time" instanceName="TestGetUser_Success(018)" baseInstanceName="TestGetUser_Success" loadTestItemId="18" />
                </PlotDescriptor>
                <PlotDescriptor colorArgb="-5383962" lineStyle="0" fixedRange="1" rangeGroup="Avg. Test Time" showOnGraph="true" isSelected="false" counterMetadata="TestDeleteUser_Success;Scenario1">
                  <CounterDescriptor machineName="DOTNET" categoryName="LoadTest:Test" counterName="Avg. Test Time" instanceName="TestDeleteUser_Success(015)" baseInstanceName="TestDeleteUser_Success" loadTestItemId="15" />
                </PlotDescriptor>
                <PlotDescriptor colorArgb="-7278960" lineStyle="0" fixedRange="1" rangeGroup="Avg. Test Time" showOnGraph="true" isSelected="false" counterMetadata="TestRetrieveTasks_Success;Scenario1">
                  <CounterDescriptor machineName="DOTNET" categoryName="LoadTest:Test" counterName="Avg. Test Time" instanceName="TestRetrieveTasks_Success(039)" baseInstanceName="TestRetrieveTasks_Success" loadTestItemId="39" />
                </PlotDescriptor>
                <PlotDescriptor colorArgb="-38476" lineStyle="0" fixedRange="1" rangeGroup="Avg. Test Time" showOnGraph="true" isSelected="false" counterMetadata="TestRetrieveTaskByProjectId_Success;Scenario1">
                  <CounterDescriptor machineName="DOTNET" categoryName="LoadTest:Test" counterName="Avg. Test Time" instanceName="TestRetrieveTaskByProjectId_Success(038)" baseInstanceName="TestRetrieveTaskByProjectId_Success" loadTestItemId="38" />
                </PlotDescriptor>
                <PlotDescriptor colorArgb="-10496" lineStyle="0" fixedRange="1" rangeGroup="Avg. Test Time" showOnGraph="true" isSelected="false" counterMetadata="TestUpdateProject_NegativeProjectIdInUser;Scenario1">
                  <CounterDescriptor machineName="DOTNET" categoryName="LoadTest:Test" counterName="Avg. Test Time" instanceName="TestUpdateProject_NegativeProjectIdInUser(042)" baseInstanceName="TestUpdateProject_NegativeProjectIdInUser" loadTestItemId="42" />
                </PlotDescriptor>
                <PlotDescriptor colorArgb="-16777216" lineStyle="0" fixedRange="1" rangeGroup="Avg. Test Time" showOnGraph="true" isSelected="false" counterMetadata="TestDeleteTask_NegativeProjectId;Scenario1">
                  <CounterDescriptor machineName="DOTNET" categoryName="LoadTest:Test" counterName="Avg. Test Time" instanceName="TestDeleteTask_NegativeProjectId(007)" baseInstanceName="TestDeleteTask_NegativeProjectId" loadTestItemId="7" />
                </PlotDescriptor>
                <PlotDescriptor colorArgb="-65536" lineStyle="0" fixedRange="1" rangeGroup="Avg. Test Time" showOnGraph="true" isSelected="false" counterMetadata="TestUpdateUser_NegativeEmployeeId;Scenario1">
                  <CounterDescriptor machineName="DOTNET" categoryName="LoadTest:Test" counterName="Avg. Test Time" instanceName="TestUpdateUser_NegativeEmployeeId(053)" baseInstanceName="TestUpdateUser_NegativeEmployeeId" loadTestItemId="53" />
                </PlotDescriptor>
                <PlotDescriptor colorArgb="-16744448" lineStyle="0" fixedRange="1" rangeGroup="Avg. Test Time" showOnGraph="true" isSelected="false" counterMetadata="TestDeleteUser_NegativeEmployeeId;Scenario1">
                  <CounterDescriptor machineName="DOTNET" categoryName="LoadTest:Test" counterName="Avg. Test Time" instanceName="TestDeleteUser_NegativeEmployeeId(013)" baseInstanceName="TestDeleteUser_NegativeEmployeeId" loadTestItemId="13" />
                </PlotDescriptor>
                <PlotDescriptor colorArgb="-16776961" lineStyle="0" fixedRange="1" rangeGroup="Avg. Test Time" showOnGraph="true" isSelected="false" counterMetadata="TestRetrieveTaskByProjectId_NegativeTaskId;Scenario1">
                  <CounterDescriptor machineName="DOTNET" categoryName="LoadTest:Test" counterName="Avg. Test Time" instanceName="TestRetrieveTaskByProjectId_NegativeTaskId(037)" baseInstanceName="TestRetrieveTaskByProjectId_NegativeTaskId" loadTestItemId="37" />
                </PlotDescriptor>
                <PlotDescriptor colorArgb="-8388480" lineStyle="0" fixedRange="1" rangeGroup="Avg. Test Time" showOnGraph="true" isSelected="false" counterMetadata="TestUpdateProject_UserNullInProject;Scenario1">
                  <CounterDescriptor machineName="DOTNET" categoryName="LoadTest:Test" counterName="Avg. Test Time" instanceName="TestUpdateProject_UserNullInProject(044)" baseInstanceName="TestUpdateProject_UserNullInProject" loadTestItemId="44" />
                </PlotDescriptor>
                <PlotDescriptor colorArgb="-23296" lineStyle="0" fixedRange="1" rangeGroup="Avg. Test Time" showOnGraph="true" isSelected="false" counterMetadata="TestGetProjects_Success;Scenario1">
                  <CounterDescriptor machineName="DOTNET" categoryName="LoadTest:Test" counterName="Avg. Test Time" instanceName="TestGetProjects_Success(017)" baseInstanceName="TestGetProjects_Success" loadTestItemId="17" />
                </PlotDescriptor>
              </PlotDescriptors>
            </GraphDescriptor>
            <GraphDescriptor graphName="Transaction Response Time">
              <HorizontalZoomRange lower="-1" upper="-1" />
              <VerticalZoomRange lower="0" upper="100" />
            </GraphDescriptor>
            <GraphDescriptor graphName="Page Response Time">
              <HorizontalZoomRange lower="-1" upper="-1" />
              <VerticalZoomRange lower="0" upper="100" />
            </GraphDescriptor>
          </GraphDescriptors>
        </LoadTestRunDescriptor>
      </AnalyzerViewState>
      <Summary>
        <PerformanceCounterResults>
          <PerformanceCounterResult isOverallResultCounter="true" higherIsBetter="true" machineName="DOTNET" categoryName="LoadTest:Scenario" counterName="User Load" instanceName="_Total" value="25" />
          <PerformanceCounterResult isOverallResultCounter="true" higherIsBetter="true" machineName="DOTNET" categoryName="LoadTest:Test" counterName="Total Tests" instanceName="_Total" value="303635" />
          <PerformanceCounterResult isOverallResultCounter="true" higherIsBetter="false" machineName="DOTNET" categoryName="LoadTest:Test" counterName="Failed Tests" instanceName="_Total" value="27486" />
          <PerformanceCounterResult isOverallResultCounter="true" higherIsBetter="true" machineName="DOTNET" categoryName="LoadTest:Test" counterName="Tests/Sec" instanceName="_Total" value="1012.11664" />
          <PerformanceCounterResult isOverallResultCounter="true" higherIsBetter="false" machineName="DOTNET" categoryName="LoadTest:Test" counterName="Avg. Test Time" instanceName="_Total" value="0.003736305" />
          <PerformanceCounterResult isOverallResultCounter="true" higherIsBetter="true" machineName="DOTNET" categoryName="LoadTest:Request" counterName="Total Requests" instanceName="_Total" value="0" />
          <PerformanceCounterResult isOverallResultCounter="true" higherIsBetter="false" machineName="DOTNET" categoryName="LoadTest:Request" counterName="Failed Requests" instanceName="_Total" value="0" />
          <PerformanceCounterResult isOverallResultCounter="true" higherIsBetter="true" machineName="DOTNET" categoryName="LoadTest:Request" counterName="Cached Requests" instanceName="_Total" value="0" />
          <PerformanceCounterResult isOverallResultCounter="true" higherIsBetter="true" machineName="DOTNET" categoryName="LoadTest:Request" counterName="Requests/Sec" instanceName="_Total" value="0" />
          <PerformanceCounterResult isOverallResultCounter="true" higherIsBetter="false" machineName="DOTNET" categoryName="LoadTest:Request" counterName="Avg. Response Time" instanceName="_Total" value="0" />
          <PerformanceCounterResult isOverallResultCounter="false" higherIsBetter="false" machineName="DOTNET" categoryName="Processor" counterName="% Processor Time" instanceName="_Total" value="99.97006" />
          <PerformanceCounterResult isOverallResultCounter="false" higherIsBetter="true" machineName="DOTNET" categoryName="Memory" counterName="Available MBytes" instanceName="-" value="6388" />
          <PerformanceCounterResult isOverallResultCounter="false" higherIsBetter="false" machineName="DOTNET" categoryName="Network Interface" counterName="Bytes Received/sec" instanceName="microsoft hyper-v network adapter" value="298186.25" />
          <PerformanceCounterResult isOverallResultCounter="false" higherIsBetter="false" machineName="DOTNET" categoryName="Network Interface" counterName="Bytes Received/sec" instanceName="isatap.iiht.tech" value="0" />
          <PerformanceCounterResult isOverallResultCounter="false" higherIsBetter="false" machineName="DOTNET" categoryName="Network Interface" counterName="Bytes Sent/sec" instanceName="microsoft hyper-v network adapter" value="194.447952" />
          <PerformanceCounterResult isOverallResultCounter="false" higherIsBetter="false" machineName="DOTNET" categoryName="Network Interface" counterName="Bytes Sent/sec" instanceName="isatap.iiht.tech" value="0" />
        </PerformanceCounterResults>
        <TestSummaries>
          <TestSummary scenarioName="Scenario1" testName="WebTest1" totalTests="2941" testsFailed="0" averageDuration="0" />
          <TestSummary scenarioName="Scenario1" testName="TestInsertUser_NegativeEmployeeId" totalTests="6155" testsFailed="0" averageDuration="3" />
          <TestSummary scenarioName="Scenario1" testName="TestDeleteProject_UserNullInProject" totalTests="5977" testsFailed="0" averageDuration="3" />
          <TestSummary scenarioName="Scenario1" testName="TestInsertProject_NegativeProjectId" totalTests="6047" testsFailed="0" averageDuration="2" />
          <TestSummary scenarioName="Scenario1" testName="TestUpdateUser_UserNullException" totalTests="3104" testsFailed="0" averageDuration="2" />
          <TestSummary scenarioName="Scenario1" testName="TestInsertProject_UserNullInProject" totalTests="6155" testsFailed="0" averageDuration="3" />
          <TestSummary scenarioName="Scenario1" testName="TestInsertUser_UserNullException" totalTests="5930" testsFailed="0" averageDuration="2" />
          <TestSummary scenarioName="Scenario1" testName="TestDeleteUser_InvalidProjectIdFormat" totalTests="6045" testsFailed="0" averageDuration="2" />
          <TestSummary scenarioName="Scenario1" testName="TestDeleteProject_NoProjectAsParameter" totalTests="6052" testsFailed="0" averageDuration="2" />
          <TestSummary scenarioName="Scenario1" testName="TestInsertTask_NegativeProjectId" totalTests="5966" testsFailed="0" averageDuration="2" />
          <TestSummary scenarioName="Scenario1" testName="TestInsertProject_CompletedTasksGreater" totalTests="5980" testsFailed="0" averageDuration="2" />
          <TestSummary scenarioName="Scenario1" testName="TestInsertTask_NegativeTaskParentId" totalTests="6003" testsFailed="0" averageDuration="2" />
          <TestSummary scenarioName="Scenario1" testName="TestMethod1" totalTests="6195" testsFailed="0" averageDuration="0" />
          <TestSummary scenarioName="Scenario1" testName="TestUpdateTask_NegativeProjectId" totalTests="2999" testsFailed="0" averageDuration="2" />
          <TestSummary scenarioName="Scenario1" testName="TestInsertProject_NegativeProjectIdInUser" totalTests="6114" testsFailed="0" averageDuration="2" />
          <TestSummary scenarioName="Scenario1" testName="TestUpdateProject_NegativeProjectId" totalTests="6132" testsFailed="0" averageDuration="2" />
          <TestSummary scenarioName="Scenario1" testName="TestInsertUser_InvalidProjectIdFormat" totalTests="6243" testsFailed="0" averageDuration="2" />
          <TestSummary scenarioName="Scenario1" testName="TestInsertProject_NoProjectAsParameter" totalTests="5950" testsFailed="0" averageDuration="2" />
          <TestSummary scenarioName="Scenario1" testName="TestInsertTask_NullTaskObject" totalTests="6035" testsFailed="0" averageDuration="2" />
          <TestSummary scenarioName="Scenario1" testName="TestDeleteProject_NegativeProjectId" totalTests="6138" testsFailed="0" averageDuration="2" />
          <TestSummary scenarioName="Scenario1" testName="TestDeleteTask_NegativeTaskId" totalTests="5991" testsFailed="0" averageDuration="2" />
          <TestSummary scenarioName="Scenario1" testName="TestDeleteProject_CompletedTasksGreater" totalTests="6128" testsFailed="0" averageDuration="2" />
          <TestSummary scenarioName="Scenario1" testName="TestInsertUser_InvalidEmployeeId" totalTests="6096" testsFailed="0" averageDuration="0" />
          <TestSummary scenarioName="Scenario1" testName="TestUpdateUser_NegativeUserIdFormat" totalTests="3052" testsFailed="0" averageDuration="2" />
          <TestSummary scenarioName="Scenario1" testName="TestDeleteProject_NegativeProjectIdInUser" totalTests="5978" testsFailed="0" averageDuration="2" />
          <TestSummary scenarioName="Scenario1" testName="TestDeleteUser_NegativeUserIdFormat" totalTests="6165" testsFailed="0" averageDuration="2" />
          <TestSummary scenarioName="Scenario1" testName="TestInsertTask_NegativeTaskId" totalTests="5997" testsFailed="0" averageDuration="2" />
          <TestSummary scenarioName="Scenario1" testName="TestUpdateUser_InvalidProjectIdFormat" totalTests="3044" testsFailed="0" averageDuration="2" />
          <TestSummary scenarioName="Scenario1" testName="TestDeleteUser_InvalidEmployeeId" totalTests="6019" testsFailed="0" averageDuration="0" />
          <TestSummary scenarioName="Scenario1" testName="TestUpdateProject_NoProjectAsParameter" totalTests="3051" testsFailed="0" averageDuration="2" />
          <TestSummary scenarioName="Scenario1" testName="TestDeleteTask_NullTaskObject" totalTests="6151" testsFailed="0" averageDuration="2" />
          <TestSummary scenarioName="Scenario1" testName="TestUpdateUser_InvalidEmployeeId" totalTests="2979" testsFailed="0" averageDuration="1" />
          <TestSummary scenarioName="Scenario1" testName="TestDeleteTask_NegativeTaskParentId" totalTests="6113" testsFailed="0" averageDuration="2" />
          <TestSummary scenarioName="Scenario1" testName="TestUpdateProjects_Success" totalTests="6134" testsFailed="0" averageDuration="7" />
          <TestSummary scenarioName="Scenario1" testName="TestDeleteProjects_Success" totalTests="12161" testsFailed="0" averageDuration="4" />
          <TestSummary scenarioName="Scenario1" testName="TestDeleteUser_UserNullException" totalTests="6011" testsFailed="0" averageDuration="2" />
          <TestSummary scenarioName="Scenario1" testName="TestUpdateTask_NullTaskObject" totalTests="3137" testsFailed="0" averageDuration="3" />
          <TestSummary scenarioName="Scenario1" testName="TestUpdateTask_NegativeTaskId" totalTests="2999" testsFailed="0" averageDuration="2" />
          <TestSummary scenarioName="Scenario1" testName="TestUpdateTask_NegativeTaskParentId" totalTests="3008" testsFailed="0" averageDuration="2" />
          <TestSummary scenarioName="Scenario1" testName="TestGetUser_Success" totalTests="5993" testsFailed="0" averageDuration="2" />
          <TestSummary scenarioName="Scenario1" testName="TestDeleteUser_Success" totalTests="6093" testsFailed="0" averageDuration="3" />
          <TestSummary scenarioName="Scenario1" testName="TestRetrieveTasks_Success" totalTests="6083" testsFailed="0" averageDuration="20" />
          <TestSummary scenarioName="Scenario1" testName="TestRetrieveTaskByProjectId_Success" totalTests="6198" testsFailed="0" averageDuration="20" />
          <TestSummary scenarioName="Scenario1" testName="TestUpdateProject_NegativeProjectIdInUser" totalTests="3070" testsFailed="0" averageDuration="3" />
          <TestSummary scenarioName="Scenario1" testName="TestDeleteTask_NegativeProjectId" totalTests="5894" testsFailed="0" averageDuration="2" />
          <TestSummary scenarioName="Scenario1" testName="TestUpdateUser_NegativeEmployeeId" totalTests="3044" testsFailed="0" averageDuration="3" />
          <TestSummary scenarioName="Scenario1" testName="TestDeleteUser_NegativeEmployeeId" totalTests="6050" testsFailed="0" averageDuration="2" />
          <TestSummary scenarioName="Scenario1" testName="TestRetrieveTaskByProjectId_NegativeTaskId" totalTests="6180" testsFailed="0" averageDuration="2" />
          <TestSummary scenarioName="Scenario1" testName="TestUpdateProject_UserNullInProject" totalTests="2987" testsFailed="0" averageDuration="2" />
          <TestSummary scenarioName="Scenario1" testName="TestGetProjects_Success" totalTests="6186" testsFailed="6186" averageDuration="13" />
          <TestSummary scenarioName="Scenario1" testName="TestUpdateUser_Success" totalTests="3151" testsFailed="3151" averageDuration="6" />
          <TestSummary scenarioName="Scenario1" testName="TestInsertProjects_Success" totalTests="6050" testsFailed="6050" averageDuration="3" />
          <TestSummary scenarioName="Scenario1" testName="TestInsertUser_Success" totalTests="6062" testsFailed="6062" averageDuration="3" />
          <TestSummary scenarioName="Scenario1" testName="TestInsertTasks_Success" totalTests="6037" testsFailed="6037" averageDuration="3" />
          <TestSummary scenarioName="Scenario1" testName="TestUpdateProject_CompletedTasksGreater" totalTests="6171" testsFailed="0" averageDuration="2" />
          <TestSummary scenarioName="Scenario1" testName="TestRetrieveParentTasks_Success" totalTests="6011" testsFailed="0" averageDuration="2" />
        </TestSummaries>
      </Summary>
    </LoadTestResult>
  </Results>
</TestRun>